<?xml version="1.0" encoding="UTF-8"?>
<testsuites name="SelfReg Collection" time="188.537" tests="6" failures="0" errors="0">
   <testsuite name="RegistrationPrio ESIM" tests="3" failures="0" errors="0" time="73.609" skipped="0" timestamp="2024-06-22 09:41:56" hostname="LENOVO - DESKTOP-PAESQ7A" id="Test Suites/RegistrationPrio ESIM">
      <properties>
         <property name="deviceName" value=""/>
         <property name="devicePlatform" value=""/>
         <property name="logFolder" value="E:\\- FILE ELVIA\\Katalon\\PROJECT\\katalon-platform1\\Reports\\20240622_094142\\RegistrationPrio ESIM\\20240622_094143"/>
         <property name="logFiles" value="E:\\- FILE ELVIA\\Katalon\\PROJECT\\katalon-platform1\\Reports\\20240622_094142\\RegistrationPrio ESIM\\20240622_094143\\execution0.log"/>
         <property name="attachments" value=""/>
         <property name="hostName" value="LENOVO - DESKTOP-PAESQ7A"/>
         <property name="os" value="Windows 10 64bit"/>
         <property name="katalonVersion" value="8.6.6.208"/>
         <property name="browser" value="Chrome 126.0.0.0"/>
         <property name="hostAddress" value="192.168.0.109"/>
         <property name="sessionId" value="7203fcf044780b57dda4d59423319751"/>
         <property name="seleniumVersion" value="3.141.59"/>
         <property name="proxyInformation" value="ProxyInformation { proxyOption=NO_PROXY, proxyServerType=HTTP, username=, password=********, proxyServerAddress=, proxyServerPort=0, executionList=&quot;&quot;, isApplyToDesiredCapabilities=true }"/>
         <property name="platform" value="Windows 10"/>
      </properties>
      <testcase name="Test Cases/Registration-ESIM" time="27.676" classname="Test Cases/Registration-ESIM" status="PASSED">
         <system-out><![CDATA[2024-06-22 09:41:57 - [TEST_CASE][PASSED] - Test Cases/Registration-ESIM: Test Cases/Registration-ESIM

2024-06-22 09:41:57 - [TEST_STEP][PASSED] - openBrowser(URL_Prioritas): Browser is opened with url: 'https://prioritas.xl.co.id/'

2024-06-22 09:41:58 - [MESSAGE][INFO] - Starting 'Chrome' driver

2024-06-22 09:41:58 - [MESSAGE][INFO] - Action delay is set to 0 milliseconds

2024-06-22 09:42:05 - [MESSAGE][PASSED] - Browser is opened with url: 'https://prioritas.xl.co.id/'

2024-06-22 09:42:05 - [TEST_STEP][PASSED] - maximizeWindow(): Current window maximized

2024-06-22 09:42:05 - [MESSAGE][PASSED] - Current window maximized

2024-06-22 09:42:05 - [TEST_STEP][PASSED] - OtherKeyword.selectObjectBasedOnIndex(findTestObject("btn contains", ["attr":"@class", "val":"btn-secondary"]), "1"): OtherKeyword.selectObjectBasedOnIndex is PASSED

2024-06-22 09:42:07 - [MESSAGE][PASSED] - OtherKeyword.selectObjectBasedOnIndex is PASSED

2024-06-22 09:42:07 - [TEST_STEP][PASSED] - Keywords.OtherKeyword.selectObjectBasedOnIndex(findTestObject("btn contains", ["attr":"@class", "val":"radio_picker"]), "1"): Keywords.OtherKeyword.selectObjectBasedOnIndex is PASSED

2024-06-22 09:42:09 - [MESSAGE][PASSED] - Keywords.OtherKeyword.selectObjectBasedOnIndex is PASSED

2024-06-22 09:42:09 - [TEST_STEP][PASSED] - SupportMethod.selectRandomlyListobject(findTestObject("btn contains", ["attr":"@class", "val":"price"])): SupportMethod.selectRandomlyListobject is PASSED

2024-06-22 09:42:10 - [MESSAGE][PASSED] - SupportMethod.selectRandomlyListobject is PASSED

2024-06-22 09:42:10 - [TEST_STEP][PASSED] - click(findTestObject("btn contains", ["attr":"@class", "val":"btn-primary"])): Object: 'Object Repository/btn contains' is clicked on

2024-06-22 09:42:10 - [MESSAGE][PASSED] - Object: 'Object Repository/btn contains' is clicked on

2024-06-22 09:42:10 - [TEST_STEP][PASSED] - SupportMethod.selectRandomlyListobject(findTestObject("btn contains", ["attr":"@class", "val":"w-100"])): SupportMethod.selectRandomlyListobject is PASSED

2024-06-22 09:42:14 - [MESSAGE][PASSED] - SupportMethod.selectRandomlyListobject is PASSED

2024-06-22 09:42:14 - [TEST_STEP][PASSED] - SupportMethod.selectRandomlyListobject(findTestObject("btn contains", ["attr":"@class", "val":"select-square"])): SupportMethod.selectRandomlyListobject is PASSED

2024-06-22 09:42:15 - [MESSAGE][PASSED] - SupportMethod.selectRandomlyListobject is PASSED

2024-06-22 09:42:15 - [TEST_STEP][PASSED] - setText(findTestObject("input", ["attr":"@name", "val":"nama_lengkap"]), custName): Text 'Sanityesim Satu' is set on object 'Object Repository/input'

2024-06-22 09:42:16 - [MESSAGE][PASSED] - Text 'Sanityesim Satu' is set on object 'Object Repository/input'

2024-06-22 09:42:16 - [TEST_STEP][PASSED] - setText(findTestObject("input", ["attr":"@name", "val":"nomor_hp"]), contactNumber): Text '08789089080' is set on object 'Object Repository/input'

2024-06-22 09:42:18 - [MESSAGE][PASSED] - Text '08789089080' is set on object 'Object Repository/input'

2024-06-22 09:42:18 - [TEST_STEP][PASSED] - setText(findTestObject("input", ["attr":"@name", "val":"email"]), email): Text 'testesim1@gmail.com' is set on object 'Object Repository/input'

2024-06-22 09:42:19 - [MESSAGE][PASSED] - Text 'testesim1@gmail.com' is set on object 'Object Repository/input'

2024-06-22 09:42:19 - [TEST_STEP][PASSED] - setText(findTestObject("input", ["attr":"@name", "val":"re_email"]), email): Text 'testesim1@gmail.com' is set on object 'Object Repository/input'

2024-06-22 09:42:20 - [MESSAGE][PASSED] - Text 'testesim1@gmail.com' is set on object 'Object Repository/input'

2024-06-22 09:42:20 - [TEST_STEP][PASSED] - click(findTestObject("btn contains", ["attr":"@class", "val":"btn-primary"])): Object: 'Object Repository/btn contains' is clicked on

2024-06-22 09:42:20 - [MESSAGE][PASSED] - Object: 'Object Repository/btn contains' is clicked on

2024-06-22 09:42:20 - [TEST_STEP][PASSED] - Keywords.OtherKeyword.selectObjectBasedOnIndex(findTestObject("div contains", ["attr":"@class", "val":"cursor-pointer"]), "1"): Keywords.OtherKeyword.selectObjectBasedOnIndex is PASSED

2024-06-22 09:42:22 - [MESSAGE][PASSED] - Keywords.OtherKeyword.selectObjectBasedOnIndex is PASSED

2024-06-22 09:42:22 - [TEST_STEP][PASSED] - Keywords.OtherKeyword.selectObjectBasedOnIndex(findTestObject("div contains", ["attr":"@class", "val":"d-flex justify-content-between"]), "2"): Keywords.OtherKeyword.selectObjectBasedOnIndex is PASSED

2024-06-22 09:42:23 - [MESSAGE][PASSED] - Keywords.OtherKeyword.selectObjectBasedOnIndex is PASSED

2024-06-22 09:42:23 - [TEST_STEP][PASSED] - check(findTestObject("div contains", ["attr":"@class", "val":"checkbox"])): Object 'Object Repository/div contains' is checked

2024-06-22 09:42:24 - [MESSAGE][PASSED] - Object 'Object Repository/div contains' is checked

2024-06-22 09:42:24 - [TEST_STEP][PASSED] - click(findTestObject("btn contains", ["attr":"@class", "val":"btn-primary"])): Object: 'Object Repository/btn contains' is clicked on

2024-06-22 09:42:24 - [MESSAGE][PASSED] - Object: 'Object Repository/btn contains' is clicked on]]></system-out>
         <system-err><![CDATA[]]></system-err>
      </testcase>
      <testcase name="Test Cases/Registration-ESIM" time="22.428" classname="Test Cases/Registration-ESIM" status="PASSED">
         <system-out><![CDATA[2024-06-22 09:42:25 - [TEST_CASE][PASSED] - Test Cases/Registration-ESIM: Test Cases/Registration-ESIM

2024-06-22 09:42:25 - [TEST_STEP][PASSED] - openBrowser(URL_Prioritas): Browser is opened with url: 'https://prioritas.xl.co.id/'

2024-06-22 09:42:25 - [MESSAGE][WARNING] - A browser is already opened. Closing browser and opening a new one

2024-06-22 09:42:25 - [MESSAGE][INFO] - Starting 'Chrome' driver

2024-06-22 09:42:25 - [MESSAGE][INFO] - Action delay is set to 0 milliseconds

2024-06-22 09:42:29 - [MESSAGE][PASSED] - Browser is opened with url: 'https://prioritas.xl.co.id/'

2024-06-22 09:42:29 - [TEST_STEP][PASSED] - maximizeWindow(): Current window maximized

2024-06-22 09:42:29 - [MESSAGE][PASSED] - Current window maximized

2024-06-22 09:42:29 - [TEST_STEP][PASSED] - OtherKeyword.selectObjectBasedOnIndex(findTestObject("btn contains", ["attr":"@class", "val":"btn-secondary"]), "1"): OtherKeyword.selectObjectBasedOnIndex is PASSED

2024-06-22 09:42:31 - [MESSAGE][PASSED] - OtherKeyword.selectObjectBasedOnIndex is PASSED

2024-06-22 09:42:31 - [TEST_STEP][PASSED] - Keywords.OtherKeyword.selectObjectBasedOnIndex(findTestObject("btn contains", ["attr":"@class", "val":"radio_picker"]), "1"): Keywords.OtherKeyword.selectObjectBasedOnIndex is PASSED

2024-06-22 09:42:33 - [MESSAGE][PASSED] - Keywords.OtherKeyword.selectObjectBasedOnIndex is PASSED

2024-06-22 09:42:33 - [TEST_STEP][PASSED] - SupportMethod.selectRandomlyListobject(findTestObject("btn contains", ["attr":"@class", "val":"price"])): SupportMethod.selectRandomlyListobject is PASSED

2024-06-22 09:42:34 - [MESSAGE][PASSED] - SupportMethod.selectRandomlyListobject is PASSED

2024-06-22 09:42:34 - [TEST_STEP][PASSED] - click(findTestObject("btn contains", ["attr":"@class", "val":"btn-primary"])): Object: 'Object Repository/btn contains' is clicked on

2024-06-22 09:42:34 - [MESSAGE][PASSED] - Object: 'Object Repository/btn contains' is clicked on

2024-06-22 09:42:34 - [TEST_STEP][PASSED] - SupportMethod.selectRandomlyListobject(findTestObject("btn contains", ["attr":"@class", "val":"w-100"])): SupportMethod.selectRandomlyListobject is PASSED

2024-06-22 09:42:36 - [MESSAGE][PASSED] - SupportMethod.selectRandomlyListobject is PASSED

2024-06-22 09:42:36 - [TEST_STEP][PASSED] - SupportMethod.selectRandomlyListobject(findTestObject("btn contains", ["attr":"@class", "val":"select-square"])): SupportMethod.selectRandomlyListobject is PASSED

2024-06-22 09:42:37 - [MESSAGE][PASSED] - SupportMethod.selectRandomlyListobject is PASSED

2024-06-22 09:42:37 - [TEST_STEP][PASSED] - setText(findTestObject("input", ["attr":"@name", "val":"nama_lengkap"]), custName): Text 'Sanityesim Dua' is set on object 'Object Repository/input'

2024-06-22 09:42:38 - [MESSAGE][PASSED] - Text 'Sanityesim Dua' is set on object 'Object Repository/input'

2024-06-22 09:42:38 - [TEST_STEP][PASSED] - setText(findTestObject("input", ["attr":"@name", "val":"nomor_hp"]), contactNumber): Text '087890890980' is set on object 'Object Repository/input'

2024-06-22 09:42:40 - [MESSAGE][PASSED] - Text '087890890980' is set on object 'Object Repository/input'

2024-06-22 09:42:40 - [TEST_STEP][PASSED] - setText(findTestObject("input", ["attr":"@name", "val":"email"]), email): Text 'testesim2@gmail.com' is set on object 'Object Repository/input'

2024-06-22 09:42:41 - [MESSAGE][PASSED] - Text 'testesim2@gmail.com' is set on object 'Object Repository/input'

2024-06-22 09:42:41 - [TEST_STEP][PASSED] - setText(findTestObject("input", ["attr":"@name", "val":"re_email"]), email): Text 'testesim2@gmail.com' is set on object 'Object Repository/input'

2024-06-22 09:42:42 - [MESSAGE][PASSED] - Text 'testesim2@gmail.com' is set on object 'Object Repository/input'

2024-06-22 09:42:42 - [TEST_STEP][PASSED] - click(findTestObject("btn contains", ["attr":"@class", "val":"btn-primary"])): Object: 'Object Repository/btn contains' is clicked on

2024-06-22 09:42:43 - [MESSAGE][PASSED] - Object: 'Object Repository/btn contains' is clicked on

2024-06-22 09:42:43 - [TEST_STEP][PASSED] - Keywords.OtherKeyword.selectObjectBasedOnIndex(findTestObject("div contains", ["attr":"@class", "val":"cursor-pointer"]), "1"): Keywords.OtherKeyword.selectObjectBasedOnIndex is PASSED

2024-06-22 09:42:44 - [MESSAGE][PASSED] - Keywords.OtherKeyword.selectObjectBasedOnIndex is PASSED

2024-06-22 09:42:44 - [TEST_STEP][PASSED] - Keywords.OtherKeyword.selectObjectBasedOnIndex(findTestObject("div contains", ["attr":"@class", "val":"d-flex justify-content-between"]), "2"): Keywords.OtherKeyword.selectObjectBasedOnIndex is PASSED

2024-06-22 09:42:45 - [MESSAGE][PASSED] - Keywords.OtherKeyword.selectObjectBasedOnIndex is PASSED

2024-06-22 09:42:45 - [TEST_STEP][PASSED] - check(findTestObject("div contains", ["attr":"@class", "val":"checkbox"])): Object 'Object Repository/div contains' is checked

2024-06-22 09:42:46 - [MESSAGE][PASSED] - Object 'Object Repository/div contains' is checked

2024-06-22 09:42:46 - [TEST_STEP][PASSED] - click(findTestObject("btn contains", ["attr":"@class", "val":"btn-primary"])): Object: 'Object Repository/btn contains' is clicked on

2024-06-22 09:42:47 - [MESSAGE][PASSED] - Object: 'Object Repository/btn contains' is clicked on]]></system-out>
         <system-err><![CDATA[]]></system-err>
      </testcase>
      <testcase name="Test Cases/Registration-ESIM" time="22.752" classname="Test Cases/Registration-ESIM" status="PASSED">
         <system-out><![CDATA[2024-06-22 09:42:47 - [TEST_CASE][PASSED] - Test Cases/Registration-ESIM: Test Cases/Registration-ESIM

2024-06-22 09:42:47 - [TEST_STEP][PASSED] - openBrowser(URL_Prioritas): Browser is opened with url: 'https://prioritas.xl.co.id/'

2024-06-22 09:42:47 - [MESSAGE][WARNING] - A browser is already opened. Closing browser and opening a new one

2024-06-22 09:42:48 - [MESSAGE][INFO] - Starting 'Chrome' driver

2024-06-22 09:42:48 - [MESSAGE][INFO] - Action delay is set to 0 milliseconds

2024-06-22 09:42:52 - [MESSAGE][PASSED] - Browser is opened with url: 'https://prioritas.xl.co.id/'

2024-06-22 09:42:52 - [TEST_STEP][PASSED] - maximizeWindow(): Current window maximized

2024-06-22 09:42:52 - [MESSAGE][PASSED] - Current window maximized

2024-06-22 09:42:52 - [TEST_STEP][PASSED] - OtherKeyword.selectObjectBasedOnIndex(findTestObject("btn contains", ["attr":"@class", "val":"btn-secondary"]), "1"): OtherKeyword.selectObjectBasedOnIndex is PASSED

2024-06-22 09:42:54 - [MESSAGE][PASSED] - OtherKeyword.selectObjectBasedOnIndex is PASSED

2024-06-22 09:42:54 - [TEST_STEP][PASSED] - Keywords.OtherKeyword.selectObjectBasedOnIndex(findTestObject("btn contains", ["attr":"@class", "val":"radio_picker"]), "1"): Keywords.OtherKeyword.selectObjectBasedOnIndex is PASSED

2024-06-22 09:42:56 - [MESSAGE][PASSED] - Keywords.OtherKeyword.selectObjectBasedOnIndex is PASSED

2024-06-22 09:42:56 - [TEST_STEP][PASSED] - SupportMethod.selectRandomlyListobject(findTestObject("btn contains", ["attr":"@class", "val":"price"])): SupportMethod.selectRandomlyListobject is PASSED

2024-06-22 09:42:56 - [MESSAGE][PASSED] - SupportMethod.selectRandomlyListobject is PASSED

2024-06-22 09:42:56 - [TEST_STEP][PASSED] - click(findTestObject("btn contains", ["attr":"@class", "val":"btn-primary"])): Object: 'Object Repository/btn contains' is clicked on

2024-06-22 09:42:57 - [MESSAGE][PASSED] - Object: 'Object Repository/btn contains' is clicked on

2024-06-22 09:42:57 - [TEST_STEP][PASSED] - SupportMethod.selectRandomlyListobject(findTestObject("btn contains", ["attr":"@class", "val":"w-100"])): SupportMethod.selectRandomlyListobject is PASSED

2024-06-22 09:42:58 - [MESSAGE][PASSED] - SupportMethod.selectRandomlyListobject is PASSED

2024-06-22 09:42:58 - [TEST_STEP][PASSED] - SupportMethod.selectRandomlyListobject(findTestObject("btn contains", ["attr":"@class", "val":"select-square"])): SupportMethod.selectRandomlyListobject is PASSED

2024-06-22 09:43:00 - [MESSAGE][PASSED] - SupportMethod.selectRandomlyListobject is PASSED

2024-06-22 09:43:00 - [TEST_STEP][PASSED] - setText(findTestObject("input", ["attr":"@name", "val":"nama_lengkap"]), custName): Text 'Sanityesim Tiga' is set on object 'Object Repository/input'

2024-06-22 09:43:01 - [MESSAGE][PASSED] - Text 'Sanityesim Tiga' is set on object 'Object Repository/input'

2024-06-22 09:43:01 - [TEST_STEP][PASSED] - setText(findTestObject("input", ["attr":"@name", "val":"nomor_hp"]), contactNumber): Text '08789087900' is set on object 'Object Repository/input'

2024-06-22 09:43:02 - [MESSAGE][PASSED] - Text '08789087900' is set on object 'Object Repository/input'

2024-06-22 09:43:02 - [TEST_STEP][PASSED] - setText(findTestObject("input", ["attr":"@name", "val":"email"]), email): Text 'testeresim3@gmail.com' is set on object 'Object Repository/input'

2024-06-22 09:43:04 - [MESSAGE][PASSED] - Text 'testeresim3@gmail.com' is set on object 'Object Repository/input'

2024-06-22 09:43:04 - [TEST_STEP][PASSED] - setText(findTestObject("input", ["attr":"@name", "val":"re_email"]), email): Text 'testeresim3@gmail.com' is set on object 'Object Repository/input'

2024-06-22 09:43:05 - [MESSAGE][PASSED] - Text 'testeresim3@gmail.com' is set on object 'Object Repository/input'

2024-06-22 09:43:05 - [TEST_STEP][PASSED] - click(findTestObject("btn contains", ["attr":"@class", "val":"btn-primary"])): Object: 'Object Repository/btn contains' is clicked on

2024-06-22 09:43:06 - [MESSAGE][PASSED] - Object: 'Object Repository/btn contains' is clicked on

2024-06-22 09:43:06 - [TEST_STEP][PASSED] - Keywords.OtherKeyword.selectObjectBasedOnIndex(findTestObject("div contains", ["attr":"@class", "val":"cursor-pointer"]), "1"): Keywords.OtherKeyword.selectObjectBasedOnIndex is PASSED

2024-06-22 09:43:07 - [MESSAGE][PASSED] - Keywords.OtherKeyword.selectObjectBasedOnIndex is PASSED

2024-06-22 09:43:07 - [TEST_STEP][PASSED] - Keywords.OtherKeyword.selectObjectBasedOnIndex(findTestObject("div contains", ["attr":"@class", "val":"d-flex justify-content-between"]), "2"): Keywords.OtherKeyword.selectObjectBasedOnIndex is PASSED

2024-06-22 09:43:08 - [MESSAGE][PASSED] - Keywords.OtherKeyword.selectObjectBasedOnIndex is PASSED

2024-06-22 09:43:08 - [TEST_STEP][PASSED] - check(findTestObject("div contains", ["attr":"@class", "val":"checkbox"])): Object 'Object Repository/div contains' is checked

2024-06-22 09:43:09 - [MESSAGE][PASSED] - Object 'Object Repository/div contains' is checked

2024-06-22 09:43:09 - [TEST_STEP][PASSED] - click(findTestObject("btn contains", ["attr":"@class", "val":"btn-primary"])): Object: 'Object Repository/btn contains' is clicked on

2024-06-22 09:43:10 - [MESSAGE][PASSED] - Object: 'Object Repository/btn contains' is clicked on]]></system-out>
         <system-err><![CDATA[]]></system-err>
      </testcase>
      <system-out><![CDATA[2024-06-22 09:41:56 - [TEST_SUITE][PASSED] - RegistrationPrio ESIM: Test Cases/Registration-ESIM]]></system-out>
      <system-err><![CDATA[]]></system-err>
   </testsuite>
   <testsuite name="RegistrationPrio USIM" tests="3" failures="0" errors="0" time="78.785" skipped="0" timestamp="2024-06-22 09:43:31" hostname="LENOVO - DESKTOP-PAESQ7A" id="Test Suites/RegistrationPrio USIM">
      <properties>
         <property name="deviceName" value=""/>
         <property name="devicePlatform" value=""/>
         <property name="logFolder" value="E:\\- FILE ELVIA\\Katalon\\PROJECT\\katalon-platform1\\Reports\\20240622_094142\\RegistrationPrio USIM\\20240622_094145"/>
         <property name="logFiles" value="E:\\- FILE ELVIA\\Katalon\\PROJECT\\katalon-platform1\\Reports\\20240622_094142\\RegistrationPrio USIM\\20240622_094145\\execution0.log"/>
         <property name="attachments" value=""/>
         <property name="hostName" value="LENOVO - DESKTOP-PAESQ7A"/>
         <property name="os" value="Windows 10 64bit"/>
         <property name="katalonVersion" value="8.6.6.208"/>
         <property name="browser" value="Chrome 126.0.0.0"/>
         <property name="hostAddress" value="192.168.0.109"/>
         <property name="sessionId" value="70e9b5c648af4e1cbd34c1c3f7d5388e"/>
         <property name="seleniumVersion" value="3.141.59"/>
         <property name="proxyInformation" value="ProxyInformation { proxyOption=NO_PROXY, proxyServerType=HTTP, username=, password=********, proxyServerAddress=, proxyServerPort=0, executionList=&quot;&quot;, isApplyToDesiredCapabilities=true }"/>
         <property name="platform" value="Windows 10"/>
      </properties>
      <testcase name="Test Cases/Registration-USIM" time="27.224" classname="Test Cases/Registration-USIM" status="PASSED">
         <system-out><![CDATA[2024-06-22 09:43:32 - [TEST_CASE][PASSED] - Test Cases/Registration-USIM: Test Cases/Registration-USIM

2024-06-22 09:43:33 - [TEST_STEP][PASSED] - openBrowser(URL_Prioritas): Browser is opened with url: 'https://prioritas.xl.co.id/'

2024-06-22 09:43:33 - [MESSAGE][INFO] - Starting 'Chrome' driver

2024-06-22 09:43:33 - [MESSAGE][INFO] - Action delay is set to 0 milliseconds

2024-06-22 09:43:39 - [MESSAGE][PASSED] - Browser is opened with url: 'https://prioritas.xl.co.id/'

2024-06-22 09:43:39 - [TEST_STEP][PASSED] - maximizeWindow(): Current window maximized

2024-06-22 09:43:39 - [MESSAGE][PASSED] - Current window maximized

2024-06-22 09:43:39 - [TEST_STEP][PASSED] - OtherKeyword.selectObjectBasedOnIndex(findTestObject("btn contains", ["attr":"@class", "val":"btn-secondary"]), "1"): OtherKeyword.selectObjectBasedOnIndex is PASSED

2024-06-22 09:43:41 - [MESSAGE][PASSED] - OtherKeyword.selectObjectBasedOnIndex is PASSED

2024-06-22 09:43:41 - [TEST_STEP][PASSED] - SupportMethod.selectRandomlyListobject(findTestObject("btn contains", ["attr":"@class", "val":"price"])): SupportMethod.selectRandomlyListobject is PASSED

2024-06-22 09:43:43 - [MESSAGE][PASSED] - SupportMethod.selectRandomlyListobject is PASSED

2024-06-22 09:43:43 - [TEST_STEP][PASSED] - click(findTestObject("btn contains", ["attr":"@class", "val":"btn-primary"])): Object: 'Object Repository/btn contains' is clicked on

2024-06-22 09:43:43 - [MESSAGE][PASSED] - Object: 'Object Repository/btn contains' is clicked on

2024-06-22 09:43:43 - [TEST_STEP][PASSED] - SupportMethod.selectRandomlyListobject(findTestObject("btn contains", ["attr":"@class", "val":"w-100"])): SupportMethod.selectRandomlyListobject is PASSED

2024-06-22 09:43:45 - [MESSAGE][PASSED] - SupportMethod.selectRandomlyListobject is PASSED

2024-06-22 09:43:45 - [TEST_STEP][PASSED] - SupportMethod.selectRandomlyListobject(findTestObject("btn contains", ["attr":"@class", "val":"select-square"])): SupportMethod.selectRandomlyListobject is PASSED

2024-06-22 09:43:46 - [MESSAGE][PASSED] - SupportMethod.selectRandomlyListobject is PASSED

2024-06-22 09:43:46 - [TEST_STEP][PASSED] - setText(findTestObject("input", ["attr":"@name", "val":"nama_lengkap"]), custName): Text 'Sanityusim one' is set on object 'Object Repository/input'

2024-06-22 09:43:47 - [MESSAGE][PASSED] - Text 'Sanityusim one' is set on object 'Object Repository/input'

2024-06-22 09:43:47 - [TEST_STEP][PASSED] - setText(findTestObject("input", ["attr":"@name", "val":"nomor_hp"]), contactNumber): Text '087890090432' is set on object 'Object Repository/input'

2024-06-22 09:43:49 - [MESSAGE][PASSED] - Text '087890090432' is set on object 'Object Repository/input'

2024-06-22 09:43:49 - [TEST_STEP][PASSED] - setText(findTestObject("input", ["attr":"@name", "val":"email"]), email): Text 'test1@gmail.com' is set on object 'Object Repository/input'

2024-06-22 09:43:50 - [MESSAGE][PASSED] - Text 'test1@gmail.com' is set on object 'Object Repository/input'

2024-06-22 09:43:50 - [TEST_STEP][PASSED] - setText(findTestObject("input", ["attr":"@name", "val":"re_email"]), email): Text 'test1@gmail.com' is set on object 'Object Repository/input'

2024-06-22 09:43:51 - [MESSAGE][PASSED] - Text 'test1@gmail.com' is set on object 'Object Repository/input'

2024-06-22 09:43:51 - [TEST_STEP][PASSED] - OtherKeyword.selectObjectBasedOnIndex(findTestObject("div contains", ["attr":"@class", "val":"cursor-pointer"]), "1"): OtherKeyword.selectObjectBasedOnIndex is PASSED

2024-06-22 09:43:52 - [MESSAGE][PASSED] - OtherKeyword.selectObjectBasedOnIndex is PASSED

2024-06-22 09:43:52 - [TEST_STEP][PASSED] - SupportMethod.selectRandomlyListobject(findTestObject("div contains", ["attr":"@class", "val":"location-list"])): SupportMethod.selectRandomlyListobject is PASSED

2024-06-22 09:43:54 - [MESSAGE][PASSED] - SupportMethod.selectRandomlyListobject is PASSED

2024-06-22 09:43:54 - [TEST_STEP][PASSED] - click(findTestObject("btn contains", ["attr":"@class", "val":"btn-primary    mt"])): Object: 'Object Repository/btn contains' is clicked on

2024-06-22 09:43:55 - [MESSAGE][PASSED] - Object: 'Object Repository/btn contains' is clicked on

2024-06-22 09:43:55 - [TEST_STEP][PASSED] - click(findTestObject("btn contains", ["attr":"@class", "val":"btn-primary"])): Object: 'Object Repository/btn contains' is clicked on

2024-06-22 09:43:56 - [MESSAGE][PASSED] - Object: 'Object Repository/btn contains' is clicked on

2024-06-22 09:43:56 - [TEST_STEP][PASSED] - Keywords.OtherKeyword.selectObjectBasedOnIndex(findTestObject("div contains", ["attr":"@class", "val":"cursor-pointer"]), "1"): Keywords.OtherKeyword.selectObjectBasedOnIndex is PASSED

2024-06-22 09:43:58 - [MESSAGE][PASSED] - Keywords.OtherKeyword.selectObjectBasedOnIndex is PASSED

2024-06-22 09:43:58 - [TEST_STEP][PASSED] - Keywords.OtherKeyword.selectObjectBasedOnIndex(findTestObject("div contains", ["attr":"@class", "val":"d-flex justify-content-between"]), "2"): Keywords.OtherKeyword.selectObjectBasedOnIndex is PASSED

2024-06-22 09:43:58 - [MESSAGE][PASSED] - Keywords.OtherKeyword.selectObjectBasedOnIndex is PASSED

2024-06-22 09:43:58 - [TEST_STEP][PASSED] - check(findTestObject("div contains", ["attr":"@class", "val":"checkbox"])): Object 'Object Repository/div contains' is checked

2024-06-22 09:43:59 - [MESSAGE][PASSED] - Object 'Object Repository/div contains' is checked

2024-06-22 09:43:59 - [TEST_STEP][PASSED] - click(findTestObject("btn contains", ["attr":"@class", "val":"btn-primary"])): Object: 'Object Repository/btn contains' is clicked on

2024-06-22 09:43:59 - [MESSAGE][PASSED] - Object: 'Object Repository/btn contains' is clicked on]]></system-out>
         <system-err><![CDATA[]]></system-err>
      </testcase>
      <testcase name="Test Cases/Registration-USIM" time="25.322" classname="Test Cases/Registration-USIM" status="PASSED">
         <system-out><![CDATA[2024-06-22 09:43:59 - [TEST_CASE][PASSED] - Test Cases/Registration-USIM: Test Cases/Registration-USIM

2024-06-22 09:43:59 - [TEST_STEP][PASSED] - openBrowser(URL_Prioritas): Browser is opened with url: 'https://prioritas.xl.co.id/'

2024-06-22 09:44:00 - [MESSAGE][WARNING] - A browser is already opened. Closing browser and opening a new one

2024-06-22 09:44:00 - [MESSAGE][INFO] - Starting 'Chrome' driver

2024-06-22 09:44:00 - [MESSAGE][INFO] - Action delay is set to 0 milliseconds

2024-06-22 09:44:04 - [MESSAGE][PASSED] - Browser is opened with url: 'https://prioritas.xl.co.id/'

2024-06-22 09:44:04 - [TEST_STEP][PASSED] - maximizeWindow(): Current window maximized

2024-06-22 09:44:05 - [MESSAGE][PASSED] - Current window maximized

2024-06-22 09:44:05 - [TEST_STEP][PASSED] - OtherKeyword.selectObjectBasedOnIndex(findTestObject("btn contains", ["attr":"@class", "val":"btn-secondary"]), "1"): OtherKeyword.selectObjectBasedOnIndex is PASSED

2024-06-22 09:44:06 - [MESSAGE][PASSED] - OtherKeyword.selectObjectBasedOnIndex is PASSED

2024-06-22 09:44:06 - [TEST_STEP][PASSED] - SupportMethod.selectRandomlyListobject(findTestObject("btn contains", ["attr":"@class", "val":"price"])): SupportMethod.selectRandomlyListobject is PASSED

2024-06-22 09:44:08 - [MESSAGE][PASSED] - SupportMethod.selectRandomlyListobject is PASSED

2024-06-22 09:44:08 - [TEST_STEP][PASSED] - click(findTestObject("btn contains", ["attr":"@class", "val":"btn-primary"])): Object: 'Object Repository/btn contains' is clicked on

2024-06-22 09:44:09 - [MESSAGE][PASSED] - Object: 'Object Repository/btn contains' is clicked on

2024-06-22 09:44:09 - [TEST_STEP][PASSED] - SupportMethod.selectRandomlyListobject(findTestObject("btn contains", ["attr":"@class", "val":"w-100"])): SupportMethod.selectRandomlyListobject is PASSED

2024-06-22 09:44:10 - [MESSAGE][PASSED] - SupportMethod.selectRandomlyListobject is PASSED

2024-06-22 09:44:10 - [TEST_STEP][PASSED] - SupportMethod.selectRandomlyListobject(findTestObject("btn contains", ["attr":"@class", "val":"select-square"])): SupportMethod.selectRandomlyListobject is PASSED

2024-06-22 09:44:11 - [MESSAGE][PASSED] - SupportMethod.selectRandomlyListobject is PASSED

2024-06-22 09:44:11 - [TEST_STEP][PASSED] - setText(findTestObject("input", ["attr":"@name", "val":"nama_lengkap"]), custName): Text 'Sanityusim two' is set on object 'Object Repository/input'

2024-06-22 09:44:12 - [MESSAGE][PASSED] - Text 'Sanityusim two' is set on object 'Object Repository/input'

2024-06-22 09:44:12 - [TEST_STEP][PASSED] - setText(findTestObject("input", ["attr":"@name", "val":"nomor_hp"]), contactNumber): Text '087890090411' is set on object 'Object Repository/input'

2024-06-22 09:44:14 - [MESSAGE][PASSED] - Text '087890090411' is set on object 'Object Repository/input'

2024-06-22 09:44:14 - [TEST_STEP][PASSED] - setText(findTestObject("input", ["attr":"@name", "val":"email"]), email): Text 'test2@gmail.com' is set on object 'Object Repository/input'

2024-06-22 09:44:15 - [MESSAGE][PASSED] - Text 'test2@gmail.com' is set on object 'Object Repository/input'

2024-06-22 09:44:15 - [TEST_STEP][PASSED] - setText(findTestObject("input", ["attr":"@name", "val":"re_email"]), email): Text 'test2@gmail.com' is set on object 'Object Repository/input'

2024-06-22 09:44:16 - [MESSAGE][PASSED] - Text 'test2@gmail.com' is set on object 'Object Repository/input'

2024-06-22 09:44:16 - [TEST_STEP][PASSED] - OtherKeyword.selectObjectBasedOnIndex(findTestObject("div contains", ["attr":"@class", "val":"cursor-pointer"]), "1"): OtherKeyword.selectObjectBasedOnIndex is PASSED

2024-06-22 09:44:17 - [MESSAGE][PASSED] - OtherKeyword.selectObjectBasedOnIndex is PASSED

2024-06-22 09:44:17 - [TEST_STEP][PASSED] - SupportMethod.selectRandomlyListobject(findTestObject("div contains", ["attr":"@class", "val":"location-list"])): SupportMethod.selectRandomlyListobject is PASSED

2024-06-22 09:44:19 - [MESSAGE][PASSED] - SupportMethod.selectRandomlyListobject is PASSED

2024-06-22 09:44:19 - [TEST_STEP][PASSED] - click(findTestObject("btn contains", ["attr":"@class", "val":"btn-primary    mt"])): Object: 'Object Repository/btn contains' is clicked on

2024-06-22 09:44:20 - [MESSAGE][PASSED] - Object: 'Object Repository/btn contains' is clicked on

2024-06-22 09:44:20 - [TEST_STEP][PASSED] - click(findTestObject("btn contains", ["attr":"@class", "val":"btn-primary"])): Object: 'Object Repository/btn contains' is clicked on

2024-06-22 09:44:21 - [MESSAGE][PASSED] - Object: 'Object Repository/btn contains' is clicked on

2024-06-22 09:44:21 - [TEST_STEP][PASSED] - Keywords.OtherKeyword.selectObjectBasedOnIndex(findTestObject("div contains", ["attr":"@class", "val":"cursor-pointer"]), "1"): Keywords.OtherKeyword.selectObjectBasedOnIndex is PASSED

2024-06-22 09:44:23 - [MESSAGE][PASSED] - Keywords.OtherKeyword.selectObjectBasedOnIndex is PASSED

2024-06-22 09:44:23 - [TEST_STEP][PASSED] - Keywords.OtherKeyword.selectObjectBasedOnIndex(findTestObject("div contains", ["attr":"@class", "val":"d-flex justify-content-between"]), "2"): Keywords.OtherKeyword.selectObjectBasedOnIndex is PASSED

2024-06-22 09:44:24 - [MESSAGE][PASSED] - Keywords.OtherKeyword.selectObjectBasedOnIndex is PASSED

2024-06-22 09:44:24 - [TEST_STEP][PASSED] - check(findTestObject("div contains", ["attr":"@class", "val":"checkbox"])): Object 'Object Repository/div contains' is checked

2024-06-22 09:44:24 - [MESSAGE][PASSED] - Object 'Object Repository/div contains' is checked

2024-06-22 09:44:24 - [TEST_STEP][PASSED] - click(findTestObject("btn contains", ["attr":"@class", "val":"btn-primary"])): Object: 'Object Repository/btn contains' is clicked on

2024-06-22 09:44:25 - [MESSAGE][PASSED] - Object: 'Object Repository/btn contains' is clicked on]]></system-out>
         <system-err><![CDATA[]]></system-err>
      </testcase>
      <testcase name="Test Cases/Registration-USIM" time="25.407" classname="Test Cases/Registration-USIM" status="PASSED">
         <system-out><![CDATA[2024-06-22 09:44:25 - [TEST_CASE][PASSED] - Test Cases/Registration-USIM: Test Cases/Registration-USIM

2024-06-22 09:44:25 - [TEST_STEP][PASSED] - openBrowser(URL_Prioritas): Browser is opened with url: 'https://prioritas.xl.co.id/'

2024-06-22 09:44:25 - [MESSAGE][WARNING] - A browser is already opened. Closing browser and opening a new one

2024-06-22 09:44:26 - [MESSAGE][INFO] - Starting 'Chrome' driver

2024-06-22 09:44:26 - [MESSAGE][INFO] - Action delay is set to 0 milliseconds

2024-06-22 09:44:30 - [MESSAGE][PASSED] - Browser is opened with url: 'https://prioritas.xl.co.id/'

2024-06-22 09:44:30 - [TEST_STEP][PASSED] - maximizeWindow(): Current window maximized

2024-06-22 09:44:30 - [MESSAGE][PASSED] - Current window maximized

2024-06-22 09:44:30 - [TEST_STEP][PASSED] - OtherKeyword.selectObjectBasedOnIndex(findTestObject("btn contains", ["attr":"@class", "val":"btn-secondary"]), "1"): OtherKeyword.selectObjectBasedOnIndex is PASSED

2024-06-22 09:44:32 - [MESSAGE][PASSED] - OtherKeyword.selectObjectBasedOnIndex is PASSED

2024-06-22 09:44:32 - [TEST_STEP][PASSED] - SupportMethod.selectRandomlyListobject(findTestObject("btn contains", ["attr":"@class", "val":"price"])): SupportMethod.selectRandomlyListobject is PASSED

2024-06-22 09:44:33 - [MESSAGE][PASSED] - SupportMethod.selectRandomlyListobject is PASSED

2024-06-22 09:44:33 - [TEST_STEP][PASSED] - click(findTestObject("btn contains", ["attr":"@class", "val":"btn-primary"])): Object: 'Object Repository/btn contains' is clicked on

2024-06-22 09:44:34 - [MESSAGE][PASSED] - Object: 'Object Repository/btn contains' is clicked on

2024-06-22 09:44:34 - [TEST_STEP][PASSED] - SupportMethod.selectRandomlyListobject(findTestObject("btn contains", ["attr":"@class", "val":"w-100"])): SupportMethod.selectRandomlyListobject is PASSED

2024-06-22 09:44:35 - [MESSAGE][PASSED] - SupportMethod.selectRandomlyListobject is PASSED

2024-06-22 09:44:35 - [TEST_STEP][PASSED] - SupportMethod.selectRandomlyListobject(findTestObject("btn contains", ["attr":"@class", "val":"select-square"])): SupportMethod.selectRandomlyListobject is PASSED

2024-06-22 09:44:37 - [MESSAGE][PASSED] - SupportMethod.selectRandomlyListobject is PASSED

2024-06-22 09:44:37 - [TEST_STEP][PASSED] - setText(findTestObject("input", ["attr":"@name", "val":"nama_lengkap"]), custName): Text 'Sanityusim tree' is set on object 'Object Repository/input'

2024-06-22 09:44:38 - [MESSAGE][PASSED] - Text 'Sanityusim tree' is set on object 'Object Repository/input'

2024-06-22 09:44:38 - [TEST_STEP][PASSED] - setText(findTestObject("input", ["attr":"@name", "val":"nomor_hp"]), contactNumber): Text '08789009042' is set on object 'Object Repository/input'

2024-06-22 09:44:40 - [MESSAGE][PASSED] - Text '08789009042' is set on object 'Object Repository/input'

2024-06-22 09:44:40 - [TEST_STEP][PASSED] - setText(findTestObject("input", ["attr":"@name", "val":"email"]), email): Text 'test3@gmail.com' is set on object 'Object Repository/input'

2024-06-22 09:44:41 - [MESSAGE][PASSED] - Text 'test3@gmail.com' is set on object 'Object Repository/input'

2024-06-22 09:44:41 - [TEST_STEP][PASSED] - setText(findTestObject("input", ["attr":"@name", "val":"re_email"]), email): Text 'test3@gmail.com' is set on object 'Object Repository/input'

2024-06-22 09:44:42 - [MESSAGE][PASSED] - Text 'test3@gmail.com' is set on object 'Object Repository/input'

2024-06-22 09:44:42 - [TEST_STEP][PASSED] - OtherKeyword.selectObjectBasedOnIndex(findTestObject("div contains", ["attr":"@class", "val":"cursor-pointer"]), "1"): OtherKeyword.selectObjectBasedOnIndex is PASSED

2024-06-22 09:44:42 - [MESSAGE][PASSED] - OtherKeyword.selectObjectBasedOnIndex is PASSED

2024-06-22 09:44:42 - [TEST_STEP][PASSED] - SupportMethod.selectRandomlyListobject(findTestObject("div contains", ["attr":"@class", "val":"location-list"])): SupportMethod.selectRandomlyListobject is PASSED

2024-06-22 09:44:45 - [MESSAGE][PASSED] - SupportMethod.selectRandomlyListobject is PASSED

2024-06-22 09:44:45 - [TEST_STEP][PASSED] - click(findTestObject("btn contains", ["attr":"@class", "val":"btn-primary    mt"])): Object: 'Object Repository/btn contains' is clicked on

2024-06-22 09:44:46 - [MESSAGE][PASSED] - Object: 'Object Repository/btn contains' is clicked on

2024-06-22 09:44:46 - [TEST_STEP][PASSED] - click(findTestObject("btn contains", ["attr":"@class", "val":"btn-primary"])): Object: 'Object Repository/btn contains' is clicked on

2024-06-22 09:44:47 - [MESSAGE][PASSED] - Object: 'Object Repository/btn contains' is clicked on

2024-06-22 09:44:47 - [TEST_STEP][PASSED] - Keywords.OtherKeyword.selectObjectBasedOnIndex(findTestObject("div contains", ["attr":"@class", "val":"cursor-pointer"]), "1"): Keywords.OtherKeyword.selectObjectBasedOnIndex is PASSED

2024-06-22 09:44:48 - [MESSAGE][PASSED] - Keywords.OtherKeyword.selectObjectBasedOnIndex is PASSED

2024-06-22 09:44:48 - [TEST_STEP][PASSED] - Keywords.OtherKeyword.selectObjectBasedOnIndex(findTestObject("div contains", ["attr":"@class", "val":"d-flex justify-content-between"]), "2"): Keywords.OtherKeyword.selectObjectBasedOnIndex is PASSED

2024-06-22 09:44:49 - [MESSAGE][PASSED] - Keywords.OtherKeyword.selectObjectBasedOnIndex is PASSED

2024-06-22 09:44:49 - [TEST_STEP][PASSED] - check(findTestObject("div contains", ["attr":"@class", "val":"checkbox"])): Object 'Object Repository/div contains' is checked

2024-06-22 09:44:50 - [MESSAGE][PASSED] - Object 'Object Repository/div contains' is checked

2024-06-22 09:44:50 - [TEST_STEP][PASSED] - click(findTestObject("btn contains", ["attr":"@class", "val":"btn-primary"])): Object: 'Object Repository/btn contains' is clicked on

2024-06-22 09:44:50 - [MESSAGE][PASSED] - Object: 'Object Repository/btn contains' is clicked on]]></system-out>
         <system-err><![CDATA[]]></system-err>
      </testcase>
      <system-out><![CDATA[2024-06-22 09:43:31 - [TEST_SUITE][PASSED] - RegistrationPrio USIM: Test Cases/Registration-USIM]]></system-out>
      <system-err><![CDATA[]]></system-err>
   </testsuite>
</testsuites>
