<?xml version="1.0" encoding="UTF-8"?>
<testsuites name="RegistrationPrio ESIM" time="63.422" tests="3" failures="0" errors="0">
   <testsuite name="RegistrationPrio ESIM" tests="3" failures="0" errors="0" time="63.422" skipped="0" timestamp="22-06-2024T09:47:24" hostname="LENOVO - DESKTOP-PAESQ7A" id="Test Suites/RegistrationPrio ESIM">
      <properties>
         <property name="deviceName" value=""/>
         <property name="devicePlatform"/>
         <property name="logFolder" value="E:\\- FILE ELVIA\\Katalon\\PROJECT\\katalon-platform1\\Reports\\20240622_094701\\RegistrationPrio ESIM\\20240622_094707"/>
         <property name="logFiles" value="E:\\- FILE ELVIA\\Katalon\\PROJECT\\katalon-platform1\\Reports\\20240622_094701\\RegistrationPrio ESIM\\20240622_094707\\execution0.log"/>
         <property name="attachments" value=""/>
         <property name="hostName" value="LENOVO - DESKTOP-PAESQ7A"/>
         <property name="os" value="Windows 10 64bit"/>
         <property name="katalonVersion" value="9.5.0.217"/>
         <property name="browser" value="Chrome 126.0.0.0"/>
         <property name="hostAddress" value="192.168.0.109"/>
         <property name="sessionId" value="493e6c4763b279f04bcb27306242b396"/>
         <property name="seleniumVersion" value="3.141.59"/>
         <property name="proxyInformation" value="ProxyInformation { proxyOption=NO_PROXY, proxyServerType=HTTP, username=, password=********, proxyServerAddress=, proxyServerPort=0, executionList=&quot;&quot;, isApplyToDesiredCapabilities=true }"/>
         <property name="platform" value="Windows 10"/>
      </properties>
      <testcase name="Test Cases/Registration-ESIM" time="22.692" classname="Test Cases/Registration-ESIM" status="PASSED">
         <system-out><![CDATA[22-06-2024T09:47:25 - [TEST_CASE][PASSED] - Test Cases/Registration-ESIM: Test Cases/Registration-ESIM

22-06-2024T09:47:25 - [TEST_STEP][PASSED] - openBrowser(URL_Prioritas): Browser is opened with url: 'https://prioritas.xl.co.id/'

22-06-2024T09:47:26 - [MESSAGE][INFO] - Starting 'Chrome' driver

22-06-2024T09:47:26 - [MESSAGE][INFO] - Action delay is set to 0 milliseconds

22-06-2024T09:47:29 - [MESSAGE][PASSED] - Browser is opened with url: 'https://prioritas.xl.co.id/'

22-06-2024T09:47:29 - [TEST_STEP][PASSED] - maximizeWindow(): Current window maximized

22-06-2024T09:47:31 - [MESSAGE][PASSED] - Current window maximized

22-06-2024T09:47:31 - [TEST_STEP][PASSED] - OtherKeyword.selectObjectBasedOnIndex(findTestObject("btn contains", ["attr":"@class", "val":"btn-secondary"]), "1"): OtherKeyword.selectObjectBasedOnIndex is PASSED

22-06-2024T09:47:32 - [MESSAGE][PASSED] - Found web elements by test object Object Repository/btn contains

22-06-2024T09:47:34 - [MESSAGE][PASSED] - OtherKeyword.selectObjectBasedOnIndex is PASSED

22-06-2024T09:47:34 - [TEST_STEP][PASSED] - Keywords.OtherKeyword.selectObjectBasedOnIndex(findTestObject("btn contains", ["attr":"@class", "val":"radio_picker"]), "1"): Keywords.OtherKeyword.selectObjectBasedOnIndex is PASSED

22-06-2024T09:47:35 - [MESSAGE][PASSED] - Found web elements by test object Object Repository/btn contains

22-06-2024T09:47:36 - [MESSAGE][PASSED] - Keywords.OtherKeyword.selectObjectBasedOnIndex is PASSED

22-06-2024T09:47:36 - [TEST_STEP][PASSED] - SupportMethod.selectRandomlyListobject(findTestObject("btn contains", ["attr":"@class", "val":"price"])): SupportMethod.selectRandomlyListobject is PASSED

22-06-2024T09:47:36 - [MESSAGE][PASSED] - Found web elements by test object Object Repository/btn contains

22-06-2024T09:47:36 - [MESSAGE][PASSED] - SupportMethod.selectRandomlyListobject is PASSED

22-06-2024T09:47:36 - [TEST_STEP][PASSED] - click(findTestObject("btn contains", ["attr":"@class", "val":"btn-primary"])): Object: 'Object Repository/btn contains' is clicked on

22-06-2024T09:47:37 - [MESSAGE][PASSED] - Object: 'Object Repository/btn contains' is clicked on

22-06-2024T09:47:37 - [TEST_STEP][PASSED] - SupportMethod.selectRandomlyListobject(findTestObject("btn contains", ["attr":"@class", "val":"w-100"])): SupportMethod.selectRandomlyListobject is PASSED

22-06-2024T09:47:39 - [MESSAGE][PASSED] - Found web elements by test object Object Repository/btn contains

22-06-2024T09:47:39 - [MESSAGE][PASSED] - SupportMethod.selectRandomlyListobject is PASSED

22-06-2024T09:47:39 - [TEST_STEP][PASSED] - SupportMethod.selectRandomlyListobject(findTestObject("btn contains", ["attr":"@class", "val":"select-square"])): SupportMethod.selectRandomlyListobject is PASSED

22-06-2024T09:47:40 - [MESSAGE][PASSED] - Found web elements by test object Object Repository/btn contains

22-06-2024T09:47:40 - [MESSAGE][PASSED] - SupportMethod.selectRandomlyListobject is PASSED

22-06-2024T09:47:40 - [TEST_STEP][PASSED] - setText(findTestObject("input", ["attr":"@name", "val":"nama_lengkap"]), custName): Text 'Sanityesim Satu' is set on object 'Object Repository/input'

22-06-2024T09:47:41 - [MESSAGE][PASSED] - Text 'Sanityesim Satu' is set on object 'Object Repository/input'

22-06-2024T09:47:41 - [TEST_STEP][PASSED] - setText(findTestObject("input", ["attr":"@name", "val":"nomor_hp"]), contactNumber): Text '08789089080' is set on object 'Object Repository/input'

22-06-2024T09:47:42 - [MESSAGE][PASSED] - Text '08789089080' is set on object 'Object Repository/input'

22-06-2024T09:47:42 - [TEST_STEP][PASSED] - setText(findTestObject("input", ["attr":"@name", "val":"email"]), email): Text 'testesim1@gmail.com' is set on object 'Object Repository/input'

22-06-2024T09:47:43 - [MESSAGE][PASSED] - Text 'testesim1@gmail.com' is set on object 'Object Repository/input'

22-06-2024T09:47:43 - [TEST_STEP][PASSED] - setText(findTestObject("input", ["attr":"@name", "val":"re_email"]), email): Text 'testesim1@gmail.com' is set on object 'Object Repository/input'

22-06-2024T09:47:44 - [MESSAGE][PASSED] - Text 'testesim1@gmail.com' is set on object 'Object Repository/input'

22-06-2024T09:47:44 - [TEST_STEP][PASSED] - click(findTestObject("btn contains", ["attr":"@class", "val":"btn-primary"])): Object: 'Object Repository/btn contains' is clicked on

22-06-2024T09:47:44 - [MESSAGE][PASSED] - Object: 'Object Repository/btn contains' is clicked on

22-06-2024T09:47:44 - [TEST_STEP][PASSED] - Keywords.OtherKeyword.selectObjectBasedOnIndex(findTestObject("div contains", ["attr":"@class", "val":"cursor-pointer"]), "1"): Keywords.OtherKeyword.selectObjectBasedOnIndex is PASSED

22-06-2024T09:47:45 - [MESSAGE][PASSED] - Found web elements by test object Object Repository/div contains

22-06-2024T09:47:46 - [MESSAGE][PASSED] - Keywords.OtherKeyword.selectObjectBasedOnIndex is PASSED

22-06-2024T09:47:46 - [TEST_STEP][PASSED] - Keywords.OtherKeyword.selectObjectBasedOnIndex(findTestObject("div contains", ["attr":"@class", "val":"d-flex justify-content-between"]), "2"): Keywords.OtherKeyword.selectObjectBasedOnIndex is PASSED

22-06-2024T09:47:46 - [MESSAGE][PASSED] - Found web elements by test object Object Repository/div contains

22-06-2024T09:47:46 - [MESSAGE][PASSED] - Keywords.OtherKeyword.selectObjectBasedOnIndex is PASSED

22-06-2024T09:47:46 - [TEST_STEP][PASSED] - check(findTestObject("div contains", ["attr":"@class", "val":"checkbox"])): Object 'Object Repository/div contains' is checked

22-06-2024T09:47:47 - [MESSAGE][PASSED] - Object 'Object Repository/div contains' is checked

22-06-2024T09:47:47 - [TEST_STEP][PASSED] - click(findTestObject("btn contains", ["attr":"@class", "val":"btn-primary"])): Object: 'Object Repository/btn contains' is clicked on

22-06-2024T09:47:47 - [MESSAGE][PASSED] - Object: 'Object Repository/btn contains' is clicked on]]></system-out>
         <system-err><![CDATA[]]></system-err>
      </testcase>
      <testcase name="Test Cases/Registration-ESIM" time="20.697" classname="Test Cases/Registration-ESIM" status="PASSED">
         <system-out><![CDATA[22-06-2024T09:47:48 - [TEST_CASE][PASSED] - Test Cases/Registration-ESIM: Test Cases/Registration-ESIM

22-06-2024T09:47:48 - [TEST_STEP][PASSED] - openBrowser(URL_Prioritas): Browser is opened with url: 'https://prioritas.xl.co.id/'

22-06-2024T09:47:48 - [MESSAGE][WARNING] - A browser is already opened. Closing browser and opening a new one

22-06-2024T09:47:48 - [MESSAGE][INFO] - Starting 'Chrome' driver

22-06-2024T09:47:48 - [MESSAGE][INFO] - Action delay is set to 0 milliseconds

22-06-2024T09:47:50 - [MESSAGE][PASSED] - Browser is opened with url: 'https://prioritas.xl.co.id/'

22-06-2024T09:47:50 - [TEST_STEP][PASSED] - maximizeWindow(): Current window maximized

22-06-2024T09:47:53 - [MESSAGE][PASSED] - Current window maximized

22-06-2024T09:47:53 - [TEST_STEP][PASSED] - OtherKeyword.selectObjectBasedOnIndex(findTestObject("btn contains", ["attr":"@class", "val":"btn-secondary"]), "1"): OtherKeyword.selectObjectBasedOnIndex is PASSED

22-06-2024T09:47:53 - [MESSAGE][PASSED] - Found web elements by test object Object Repository/btn contains

22-06-2024T09:47:55 - [MESSAGE][PASSED] - OtherKeyword.selectObjectBasedOnIndex is PASSED

22-06-2024T09:47:55 - [TEST_STEP][PASSED] - Keywords.OtherKeyword.selectObjectBasedOnIndex(findTestObject("btn contains", ["attr":"@class", "val":"radio_picker"]), "1"): Keywords.OtherKeyword.selectObjectBasedOnIndex is PASSED

22-06-2024T09:47:57 - [MESSAGE][PASSED] - Found web elements by test object Object Repository/btn contains

22-06-2024T09:47:57 - [MESSAGE][PASSED] - Keywords.OtherKeyword.selectObjectBasedOnIndex is PASSED

22-06-2024T09:47:57 - [TEST_STEP][PASSED] - SupportMethod.selectRandomlyListobject(findTestObject("btn contains", ["attr":"@class", "val":"price"])): SupportMethod.selectRandomlyListobject is PASSED

22-06-2024T09:47:57 - [MESSAGE][PASSED] - Found web elements by test object Object Repository/btn contains

22-06-2024T09:47:58 - [MESSAGE][PASSED] - SupportMethod.selectRandomlyListobject is PASSED

22-06-2024T09:47:58 - [TEST_STEP][PASSED] - click(findTestObject("btn contains", ["attr":"@class", "val":"btn-primary"])): Object: 'Object Repository/btn contains' is clicked on

22-06-2024T09:47:58 - [MESSAGE][PASSED] - Object: 'Object Repository/btn contains' is clicked on

22-06-2024T09:47:58 - [TEST_STEP][PASSED] - SupportMethod.selectRandomlyListobject(findTestObject("btn contains", ["attr":"@class", "val":"w-100"])): SupportMethod.selectRandomlyListobject is PASSED

22-06-2024T09:47:59 - [MESSAGE][PASSED] - Found web elements by test object Object Repository/btn contains

22-06-2024T09:48:00 - [MESSAGE][PASSED] - SupportMethod.selectRandomlyListobject is PASSED

22-06-2024T09:48:00 - [TEST_STEP][PASSED] - SupportMethod.selectRandomlyListobject(findTestObject("btn contains", ["attr":"@class", "val":"select-square"])): SupportMethod.selectRandomlyListobject is PASSED

22-06-2024T09:48:01 - [MESSAGE][PASSED] - Found web elements by test object Object Repository/btn contains

22-06-2024T09:48:01 - [MESSAGE][PASSED] - SupportMethod.selectRandomlyListobject is PASSED

22-06-2024T09:48:01 - [TEST_STEP][PASSED] - setText(findTestObject("input", ["attr":"@name", "val":"nama_lengkap"]), custName): Text 'Sanityesim Dua' is set on object 'Object Repository/input'

22-06-2024T09:48:02 - [MESSAGE][PASSED] - Text 'Sanityesim Dua' is set on object 'Object Repository/input'

22-06-2024T09:48:02 - [TEST_STEP][PASSED] - setText(findTestObject("input", ["attr":"@name", "val":"nomor_hp"]), contactNumber): Text '087890890980' is set on object 'Object Repository/input'

22-06-2024T09:48:03 - [MESSAGE][PASSED] - Text '087890890980' is set on object 'Object Repository/input'

22-06-2024T09:48:03 - [TEST_STEP][PASSED] - setText(findTestObject("input", ["attr":"@name", "val":"email"]), email): Text 'testesim2@gmail.com' is set on object 'Object Repository/input'

22-06-2024T09:48:04 - [MESSAGE][PASSED] - Text 'testesim2@gmail.com' is set on object 'Object Repository/input'

22-06-2024T09:48:04 - [TEST_STEP][PASSED] - setText(findTestObject("input", ["attr":"@name", "val":"re_email"]), email): Text 'testesim2@gmail.com' is set on object 'Object Repository/input'

22-06-2024T09:48:05 - [MESSAGE][PASSED] - Text 'testesim2@gmail.com' is set on object 'Object Repository/input'

22-06-2024T09:48:05 - [TEST_STEP][PASSED] - click(findTestObject("btn contains", ["attr":"@class", "val":"btn-primary"])): Object: 'Object Repository/btn contains' is clicked on

22-06-2024T09:48:05 - [MESSAGE][PASSED] - Object: 'Object Repository/btn contains' is clicked on

22-06-2024T09:48:05 - [TEST_STEP][PASSED] - Keywords.OtherKeyword.selectObjectBasedOnIndex(findTestObject("div contains", ["attr":"@class", "val":"cursor-pointer"]), "1"): Keywords.OtherKeyword.selectObjectBasedOnIndex is PASSED

22-06-2024T09:48:06 - [MESSAGE][PASSED] - Found web elements by test object Object Repository/div contains

22-06-2024T09:48:06 - [MESSAGE][PASSED] - Keywords.OtherKeyword.selectObjectBasedOnIndex is PASSED

22-06-2024T09:48:06 - [TEST_STEP][PASSED] - Keywords.OtherKeyword.selectObjectBasedOnIndex(findTestObject("div contains", ["attr":"@class", "val":"d-flex justify-content-between"]), "2"): Keywords.OtherKeyword.selectObjectBasedOnIndex is PASSED

22-06-2024T09:48:07 - [MESSAGE][PASSED] - Found web elements by test object Object Repository/div contains

22-06-2024T09:48:07 - [MESSAGE][PASSED] - Keywords.OtherKeyword.selectObjectBasedOnIndex is PASSED

22-06-2024T09:48:07 - [TEST_STEP][PASSED] - check(findTestObject("div contains", ["attr":"@class", "val":"checkbox"])): Object 'Object Repository/div contains' is checked

22-06-2024T09:48:08 - [MESSAGE][PASSED] - Object 'Object Repository/div contains' is checked

22-06-2024T09:48:08 - [TEST_STEP][PASSED] - click(findTestObject("btn contains", ["attr":"@class", "val":"btn-primary"])): Object: 'Object Repository/btn contains' is clicked on

22-06-2024T09:48:08 - [MESSAGE][PASSED] - Object: 'Object Repository/btn contains' is clicked on]]></system-out>
         <system-err><![CDATA[]]></system-err>
      </testcase>
      <testcase name="Test Cases/Registration-ESIM" time="19.575" classname="Test Cases/Registration-ESIM" status="PASSED">
         <system-out><![CDATA[22-06-2024T09:48:08 - [TEST_CASE][PASSED] - Test Cases/Registration-ESIM: Test Cases/Registration-ESIM

22-06-2024T09:48:08 - [TEST_STEP][PASSED] - openBrowser(URL_Prioritas): Browser is opened with url: 'https://prioritas.xl.co.id/'

22-06-2024T09:48:08 - [MESSAGE][WARNING] - A browser is already opened. Closing browser and opening a new one

22-06-2024T09:48:09 - [MESSAGE][INFO] - Starting 'Chrome' driver

22-06-2024T09:48:09 - [MESSAGE][INFO] - Action delay is set to 0 milliseconds

22-06-2024T09:48:12 - [MESSAGE][PASSED] - Browser is opened with url: 'https://prioritas.xl.co.id/'

22-06-2024T09:48:12 - [TEST_STEP][PASSED] - maximizeWindow(): Current window maximized

22-06-2024T09:48:12 - [MESSAGE][PASSED] - Current window maximized

22-06-2024T09:48:12 - [TEST_STEP][PASSED] - OtherKeyword.selectObjectBasedOnIndex(findTestObject("btn contains", ["attr":"@class", "val":"btn-secondary"]), "1"): OtherKeyword.selectObjectBasedOnIndex is PASSED

22-06-2024T09:48:13 - [MESSAGE][PASSED] - Found web elements by test object Object Repository/btn contains

22-06-2024T09:48:14 - [MESSAGE][PASSED] - OtherKeyword.selectObjectBasedOnIndex is PASSED

22-06-2024T09:48:14 - [TEST_STEP][PASSED] - Keywords.OtherKeyword.selectObjectBasedOnIndex(findTestObject("btn contains", ["attr":"@class", "val":"radio_picker"]), "1"): Keywords.OtherKeyword.selectObjectBasedOnIndex is PASSED

22-06-2024T09:48:16 - [MESSAGE][PASSED] - Found web elements by test object Object Repository/btn contains

22-06-2024T09:48:16 - [MESSAGE][PASSED] - Keywords.OtherKeyword.selectObjectBasedOnIndex is PASSED

22-06-2024T09:48:16 - [TEST_STEP][PASSED] - SupportMethod.selectRandomlyListobject(findTestObject("btn contains", ["attr":"@class", "val":"price"])): SupportMethod.selectRandomlyListobject is PASSED

22-06-2024T09:48:17 - [MESSAGE][PASSED] - Found web elements by test object Object Repository/btn contains

22-06-2024T09:48:17 - [MESSAGE][PASSED] - SupportMethod.selectRandomlyListobject is PASSED

22-06-2024T09:48:17 - [TEST_STEP][PASSED] - click(findTestObject("btn contains", ["attr":"@class", "val":"btn-primary"])): Object: 'Object Repository/btn contains' is clicked on

22-06-2024T09:48:17 - [MESSAGE][PASSED] - Object: 'Object Repository/btn contains' is clicked on

22-06-2024T09:48:17 - [TEST_STEP][PASSED] - SupportMethod.selectRandomlyListobject(findTestObject("btn contains", ["attr":"@class", "val":"w-100"])): SupportMethod.selectRandomlyListobject is PASSED

22-06-2024T09:48:19 - [MESSAGE][PASSED] - Found web elements by test object Object Repository/btn contains

22-06-2024T09:48:19 - [MESSAGE][PASSED] - SupportMethod.selectRandomlyListobject is PASSED

22-06-2024T09:48:19 - [TEST_STEP][PASSED] - SupportMethod.selectRandomlyListobject(findTestObject("btn contains", ["attr":"@class", "val":"select-square"])): SupportMethod.selectRandomlyListobject is PASSED

22-06-2024T09:48:20 - [MESSAGE][PASSED] - Found web elements by test object Object Repository/btn contains

22-06-2024T09:48:20 - [MESSAGE][PASSED] - SupportMethod.selectRandomlyListobject is PASSED

22-06-2024T09:48:20 - [TEST_STEP][PASSED] - setText(findTestObject("input", ["attr":"@name", "val":"nama_lengkap"]), custName): Text 'Sanityesim Tiga' is set on object 'Object Repository/input'

22-06-2024T09:48:21 - [MESSAGE][PASSED] - Text 'Sanityesim Tiga' is set on object 'Object Repository/input'

22-06-2024T09:48:21 - [TEST_STEP][PASSED] - setText(findTestObject("input", ["attr":"@name", "val":"nomor_hp"]), contactNumber): Text '08789087900' is set on object 'Object Repository/input'

22-06-2024T09:48:22 - [MESSAGE][PASSED] - Text '08789087900' is set on object 'Object Repository/input'

22-06-2024T09:48:22 - [TEST_STEP][PASSED] - setText(findTestObject("input", ["attr":"@name", "val":"email"]), email): Text 'testeresim3@gmail.com' is set on object 'Object Repository/input'

22-06-2024T09:48:23 - [MESSAGE][PASSED] - Text 'testeresim3@gmail.com' is set on object 'Object Repository/input'

22-06-2024T09:48:23 - [TEST_STEP][PASSED] - setText(findTestObject("input", ["attr":"@name", "val":"re_email"]), email): Text 'testeresim3@gmail.com' is set on object 'Object Repository/input'

22-06-2024T09:48:24 - [MESSAGE][PASSED] - Text 'testeresim3@gmail.com' is set on object 'Object Repository/input'

22-06-2024T09:48:24 - [TEST_STEP][PASSED] - click(findTestObject("btn contains", ["attr":"@class", "val":"btn-primary"])): Object: 'Object Repository/btn contains' is clicked on

22-06-2024T09:48:24 - [MESSAGE][PASSED] - Object: 'Object Repository/btn contains' is clicked on

22-06-2024T09:48:24 - [TEST_STEP][PASSED] - Keywords.OtherKeyword.selectObjectBasedOnIndex(findTestObject("div contains", ["attr":"@class", "val":"cursor-pointer"]), "1"): Keywords.OtherKeyword.selectObjectBasedOnIndex is PASSED

22-06-2024T09:48:26 - [MESSAGE][PASSED] - Found web elements by test object Object Repository/div contains

22-06-2024T09:48:26 - [MESSAGE][PASSED] - Keywords.OtherKeyword.selectObjectBasedOnIndex is PASSED

22-06-2024T09:48:26 - [TEST_STEP][PASSED] - Keywords.OtherKeyword.selectObjectBasedOnIndex(findTestObject("div contains", ["attr":"@class", "val":"d-flex justify-content-between"]), "2"): Keywords.OtherKeyword.selectObjectBasedOnIndex is PASSED

22-06-2024T09:48:27 - [MESSAGE][PASSED] - Found web elements by test object Object Repository/div contains

22-06-2024T09:48:27 - [MESSAGE][PASSED] - Keywords.OtherKeyword.selectObjectBasedOnIndex is PASSED

22-06-2024T09:48:27 - [TEST_STEP][PASSED] - check(findTestObject("div contains", ["attr":"@class", "val":"checkbox"])): Object 'Object Repository/div contains' is checked

22-06-2024T09:48:27 - [MESSAGE][PASSED] - Object 'Object Repository/div contains' is checked

22-06-2024T09:48:27 - [TEST_STEP][PASSED] - click(findTestObject("btn contains", ["attr":"@class", "val":"btn-primary"])): Object: 'Object Repository/btn contains' is clicked on

22-06-2024T09:48:28 - [MESSAGE][PASSED] - Object: 'Object Repository/btn contains' is clicked on]]></system-out>
         <system-err><![CDATA[]]></system-err>
      </testcase>
      <system-out><![CDATA[22-06-2024T09:47:24 - [TEST_SUITE][PASSED] - RegistrationPrio ESIM: Test Cases/Registration-ESIM]]></system-out>
      <system-err><![CDATA[]]></system-err>
   </testsuite>
</testsuites>
