<?xml version="1.0" encoding="UTF-8"?>
<testsuites name="RegistrationPrio ESIM" time="62.367" tests="3" failures="0" errors="0">
   <testsuite name="RegistrationPrio ESIM" tests="3" failures="0" errors="0" time="62.367" skipped="0" timestamp="22-06-2024T09:33:31" hostname="LENOVO - DESKTOP-PAESQ7A" id="Test Suites/RegistrationPrio ESIM">
      <properties>
         <property name="deviceName" value=""/>
         <property name="devicePlatform"/>
         <property name="logFolder" value="E:\\- FILE ELVIA\\Katalon\\PROJECT\\katalon-platform1\\Reports\\20240622_093313\\RegistrationPrio ESIM\\20240622_093321"/>
         <property name="logFiles" value="E:\\- FILE ELVIA\\Katalon\\PROJECT\\katalon-platform1\\Reports\\20240622_093313\\RegistrationPrio ESIM\\20240622_093321\\execution0.log"/>
         <property name="attachments" value=""/>
         <property name="hostName" value="LENOVO - DESKTOP-PAESQ7A"/>
         <property name="os" value="Windows 10 64bit"/>
         <property name="katalonVersion" value="9.5.0.217"/>
         <property name="browser" value="Chrome 126.0.0.0"/>
         <property name="hostAddress" value="192.168.0.109"/>
         <property name="sessionId" value="e580c81e78146682a90f89042fb84fa1"/>
         <property name="seleniumVersion" value="3.141.59"/>
         <property name="proxyInformation" value="ProxyInformation { proxyOption=NO_PROXY, proxyServerType=HTTP, username=, password=********, proxyServerAddress=, proxyServerPort=0, executionList=&quot;&quot;, isApplyToDesiredCapabilities=true }"/>
         <property name="platform" value="Windows 10"/>
      </properties>
      <testcase name="Test Cases/Registration-ESIM" time="22.382" classname="Test Cases/Registration-ESIM" status="PASSED">
         <system-out><![CDATA[22-06-2024T09:33:31 - [TEST_CASE][PASSED] - Test Cases/Registration-ESIM: Test Cases/Registration-ESIM

22-06-2024T09:33:31 - [TEST_STEP][PASSED] - openBrowser(URL_Prioritas): Browser is opened with url: 'https://prioritas.xl.co.id/'

22-06-2024T09:33:32 - [MESSAGE][INFO] - Starting 'Chrome' driver

22-06-2024T09:33:32 - [MESSAGE][INFO] - Action delay is set to 0 milliseconds

22-06-2024T09:33:38 - [MESSAGE][PASSED] - Browser is opened with url: 'https://prioritas.xl.co.id/'

22-06-2024T09:33:38 - [TEST_STEP][PASSED] - maximizeWindow(): Current window maximized

22-06-2024T09:33:38 - [MESSAGE][PASSED] - Current window maximized

22-06-2024T09:33:38 - [TEST_STEP][PASSED] - OtherKeyword.selectObjectBasedOnIndex(findTestObject("btn contains", ["attr":"@class", "val":"btn-secondary"]), "1"): OtherKeyword.selectObjectBasedOnIndex is PASSED

22-06-2024T09:33:39 - [MESSAGE][PASSED] - Found web elements by test object Object Repository/btn contains

22-06-2024T09:33:40 - [MESSAGE][PASSED] - OtherKeyword.selectObjectBasedOnIndex is PASSED

22-06-2024T09:33:40 - [TEST_STEP][PASSED] - Keywords.OtherKeyword.selectObjectBasedOnIndex(findTestObject("btn contains", ["attr":"@class", "val":"radio_picker"]), "1"): Keywords.OtherKeyword.selectObjectBasedOnIndex is PASSED

22-06-2024T09:33:42 - [MESSAGE][PASSED] - Found web elements by test object Object Repository/btn contains

22-06-2024T09:33:42 - [MESSAGE][PASSED] - Keywords.OtherKeyword.selectObjectBasedOnIndex is PASSED

22-06-2024T09:33:42 - [TEST_STEP][PASSED] - SupportMethod.selectRandomlyListobject(findTestObject("btn contains", ["attr":"@class", "val":"price"])): SupportMethod.selectRandomlyListobject is PASSED

22-06-2024T09:33:43 - [MESSAGE][PASSED] - Found web elements by test object Object Repository/btn contains

22-06-2024T09:33:43 - [MESSAGE][PASSED] - SupportMethod.selectRandomlyListobject is PASSED

22-06-2024T09:33:43 - [TEST_STEP][PASSED] - click(findTestObject("btn contains", ["attr":"@class", "val":"btn-primary"])): Object: 'Object Repository/btn contains' is clicked on

22-06-2024T09:33:43 - [MESSAGE][PASSED] - Object: 'Object Repository/btn contains' is clicked on

22-06-2024T09:33:44 - [TEST_STEP][PASSED] - SupportMethod.selectRandomlyListobject(findTestObject("btn contains", ["attr":"@class", "val":"w-100"])): SupportMethod.selectRandomlyListobject is PASSED

22-06-2024T09:33:45 - [MESSAGE][PASSED] - Found web elements by test object Object Repository/btn contains

22-06-2024T09:33:45 - [MESSAGE][PASSED] - SupportMethod.selectRandomlyListobject is PASSED

22-06-2024T09:33:45 - [TEST_STEP][PASSED] - SupportMethod.selectRandomlyListobject(findTestObject("btn contains", ["attr":"@class", "val":"select-square"])): SupportMethod.selectRandomlyListobject is PASSED

22-06-2024T09:33:46 - [MESSAGE][PASSED] - Found web elements by test object Object Repository/btn contains

22-06-2024T09:33:46 - [MESSAGE][PASSED] - SupportMethod.selectRandomlyListobject is PASSED

22-06-2024T09:33:46 - [TEST_STEP][PASSED] - setText(findTestObject("input", ["attr":"@name", "val":"nama_lengkap"]), custName): Text 'Sanityesim Satu' is set on object 'Object Repository/input'

22-06-2024T09:33:47 - [MESSAGE][PASSED] - Text 'Sanityesim Satu' is set on object 'Object Repository/input'

22-06-2024T09:33:47 - [TEST_STEP][PASSED] - setText(findTestObject("input", ["attr":"@name", "val":"nomor_hp"]), contactNumber): Text '08789089080' is set on object 'Object Repository/input'

22-06-2024T09:33:48 - [MESSAGE][PASSED] - Text '08789089080' is set on object 'Object Repository/input'

22-06-2024T09:33:48 - [TEST_STEP][PASSED] - setText(findTestObject("input", ["attr":"@name", "val":"email"]), email): Text 'testesim1@gmail.com' is set on object 'Object Repository/input'

22-06-2024T09:33:49 - [MESSAGE][PASSED] - Text 'testesim1@gmail.com' is set on object 'Object Repository/input'

22-06-2024T09:33:49 - [TEST_STEP][PASSED] - setText(findTestObject("input", ["attr":"@name", "val":"re_email"]), email): Text 'testesim1@gmail.com' is set on object 'Object Repository/input'

22-06-2024T09:33:50 - [MESSAGE][PASSED] - Text 'testesim1@gmail.com' is set on object 'Object Repository/input'

22-06-2024T09:33:50 - [TEST_STEP][PASSED] - click(findTestObject("btn contains", ["attr":"@class", "val":"btn-primary"])): Object: 'Object Repository/btn contains' is clicked on

22-06-2024T09:33:50 - [MESSAGE][PASSED] - Object: 'Object Repository/btn contains' is clicked on

22-06-2024T09:33:50 - [TEST_STEP][PASSED] - Keywords.OtherKeyword.selectObjectBasedOnIndex(findTestObject("div contains", ["attr":"@class", "val":"cursor-pointer"]), "1"): Keywords.OtherKeyword.selectObjectBasedOnIndex is PASSED

22-06-2024T09:33:51 - [MESSAGE][PASSED] - Found web elements by test object Object Repository/div contains

22-06-2024T09:33:52 - [MESSAGE][PASSED] - Keywords.OtherKeyword.selectObjectBasedOnIndex is PASSED

22-06-2024T09:33:52 - [TEST_STEP][PASSED] - Keywords.OtherKeyword.selectObjectBasedOnIndex(findTestObject("div contains", ["attr":"@class", "val":"d-flex justify-content-between"]), "2"): Keywords.OtherKeyword.selectObjectBasedOnIndex is PASSED

22-06-2024T09:33:52 - [MESSAGE][PASSED] - Found web elements by test object Object Repository/div contains

22-06-2024T09:33:52 - [MESSAGE][PASSED] - Keywords.OtherKeyword.selectObjectBasedOnIndex is PASSED

22-06-2024T09:33:52 - [TEST_STEP][PASSED] - check(findTestObject("div contains", ["attr":"@class", "val":"checkbox"])): Object 'Object Repository/div contains' is checked

22-06-2024T09:33:53 - [MESSAGE][PASSED] - Object 'Object Repository/div contains' is checked

22-06-2024T09:33:53 - [TEST_STEP][PASSED] - click(findTestObject("btn contains", ["attr":"@class", "val":"btn-primary"])): Object: 'Object Repository/btn contains' is clicked on

22-06-2024T09:33:53 - [MESSAGE][PASSED] - Object: 'Object Repository/btn contains' is clicked on]]></system-out>
         <system-err><![CDATA[]]></system-err>
      </testcase>
      <testcase name="Test Cases/Registration-ESIM" time="20.168" classname="Test Cases/Registration-ESIM" status="PASSED">
         <system-out><![CDATA[22-06-2024T09:33:53 - [TEST_CASE][PASSED] - Test Cases/Registration-ESIM: Test Cases/Registration-ESIM

22-06-2024T09:33:54 - [TEST_STEP][PASSED] - openBrowser(URL_Prioritas): Browser is opened with url: 'https://prioritas.xl.co.id/'

22-06-2024T09:33:54 - [MESSAGE][WARNING] - A browser is already opened. Closing browser and opening a new one

22-06-2024T09:33:54 - [MESSAGE][INFO] - Starting 'Chrome' driver

22-06-2024T09:33:54 - [MESSAGE][INFO] - Action delay is set to 0 milliseconds

22-06-2024T09:33:57 - [MESSAGE][PASSED] - Browser is opened with url: 'https://prioritas.xl.co.id/'

22-06-2024T09:33:57 - [TEST_STEP][PASSED] - maximizeWindow(): Current window maximized

22-06-2024T09:33:58 - [MESSAGE][PASSED] - Current window maximized

22-06-2024T09:33:58 - [TEST_STEP][PASSED] - OtherKeyword.selectObjectBasedOnIndex(findTestObject("btn contains", ["attr":"@class", "val":"btn-secondary"]), "1"): OtherKeyword.selectObjectBasedOnIndex is PASSED

22-06-2024T09:33:58 - [MESSAGE][PASSED] - Found web elements by test object Object Repository/btn contains

22-06-2024T09:34:00 - [MESSAGE][PASSED] - OtherKeyword.selectObjectBasedOnIndex is PASSED

22-06-2024T09:34:00 - [TEST_STEP][PASSED] - Keywords.OtherKeyword.selectObjectBasedOnIndex(findTestObject("btn contains", ["attr":"@class", "val":"radio_picker"]), "1"): Keywords.OtherKeyword.selectObjectBasedOnIndex is PASSED

22-06-2024T09:34:02 - [MESSAGE][PASSED] - Found web elements by test object Object Repository/btn contains

22-06-2024T09:34:02 - [MESSAGE][PASSED] - Keywords.OtherKeyword.selectObjectBasedOnIndex is PASSED

22-06-2024T09:34:02 - [TEST_STEP][PASSED] - SupportMethod.selectRandomlyListobject(findTestObject("btn contains", ["attr":"@class", "val":"price"])): SupportMethod.selectRandomlyListobject is PASSED

22-06-2024T09:34:02 - [MESSAGE][PASSED] - Found web elements by test object Object Repository/btn contains

22-06-2024T09:34:02 - [MESSAGE][PASSED] - SupportMethod.selectRandomlyListobject is PASSED

22-06-2024T09:34:02 - [TEST_STEP][PASSED] - click(findTestObject("btn contains", ["attr":"@class", "val":"btn-primary"])): Object: 'Object Repository/btn contains' is clicked on

22-06-2024T09:34:03 - [MESSAGE][PASSED] - Object: 'Object Repository/btn contains' is clicked on

22-06-2024T09:34:03 - [TEST_STEP][PASSED] - SupportMethod.selectRandomlyListobject(findTestObject("btn contains", ["attr":"@class", "val":"w-100"])): SupportMethod.selectRandomlyListobject is PASSED

22-06-2024T09:34:05 - [MESSAGE][PASSED] - Found web elements by test object Object Repository/btn contains

22-06-2024T09:34:05 - [MESSAGE][PASSED] - SupportMethod.selectRandomlyListobject is PASSED

22-06-2024T09:34:05 - [TEST_STEP][PASSED] - SupportMethod.selectRandomlyListobject(findTestObject("btn contains", ["attr":"@class", "val":"select-square"])): SupportMethod.selectRandomlyListobject is PASSED

22-06-2024T09:34:06 - [MESSAGE][PASSED] - Found web elements by test object Object Repository/btn contains

22-06-2024T09:34:06 - [MESSAGE][PASSED] - SupportMethod.selectRandomlyListobject is PASSED

22-06-2024T09:34:06 - [TEST_STEP][PASSED] - setText(findTestObject("input", ["attr":"@name", "val":"nama_lengkap"]), custName): Text 'Sanityesim Dua' is set on object 'Object Repository/input'

22-06-2024T09:34:07 - [MESSAGE][PASSED] - Text 'Sanityesim Dua' is set on object 'Object Repository/input'

22-06-2024T09:34:07 - [TEST_STEP][PASSED] - setText(findTestObject("input", ["attr":"@name", "val":"nomor_hp"]), contactNumber): Text '087890890980' is set on object 'Object Repository/input'

22-06-2024T09:34:08 - [MESSAGE][PASSED] - Text '087890890980' is set on object 'Object Repository/input'

22-06-2024T09:34:08 - [TEST_STEP][PASSED] - setText(findTestObject("input", ["attr":"@name", "val":"email"]), email): Text 'testesim2@gmail.com' is set on object 'Object Repository/input'

22-06-2024T09:34:09 - [MESSAGE][PASSED] - Text 'testesim2@gmail.com' is set on object 'Object Repository/input'

22-06-2024T09:34:09 - [TEST_STEP][PASSED] - setText(findTestObject("input", ["attr":"@name", "val":"re_email"]), email): Text 'testesim2@gmail.com' is set on object 'Object Repository/input'

22-06-2024T09:34:10 - [MESSAGE][PASSED] - Text 'testesim2@gmail.com' is set on object 'Object Repository/input'

22-06-2024T09:34:10 - [TEST_STEP][PASSED] - click(findTestObject("btn contains", ["attr":"@class", "val":"btn-primary"])): Object: 'Object Repository/btn contains' is clicked on

22-06-2024T09:34:10 - [MESSAGE][PASSED] - Object: 'Object Repository/btn contains' is clicked on

22-06-2024T09:34:10 - [TEST_STEP][PASSED] - Keywords.OtherKeyword.selectObjectBasedOnIndex(findTestObject("div contains", ["attr":"@class", "val":"cursor-pointer"]), "1"): Keywords.OtherKeyword.selectObjectBasedOnIndex is PASSED

22-06-2024T09:34:12 - [MESSAGE][PASSED] - Found web elements by test object Object Repository/div contains

22-06-2024T09:34:12 - [MESSAGE][PASSED] - Keywords.OtherKeyword.selectObjectBasedOnIndex is PASSED

22-06-2024T09:34:12 - [TEST_STEP][PASSED] - Keywords.OtherKeyword.selectObjectBasedOnIndex(findTestObject("div contains", ["attr":"@class", "val":"d-flex justify-content-between"]), "2"): Keywords.OtherKeyword.selectObjectBasedOnIndex is PASSED

22-06-2024T09:34:12 - [MESSAGE][PASSED] - Found web elements by test object Object Repository/div contains

22-06-2024T09:34:12 - [MESSAGE][PASSED] - Keywords.OtherKeyword.selectObjectBasedOnIndex is PASSED

22-06-2024T09:34:12 - [TEST_STEP][PASSED] - check(findTestObject("div contains", ["attr":"@class", "val":"checkbox"])): Object 'Object Repository/div contains' is checked

22-06-2024T09:34:13 - [MESSAGE][PASSED] - Object 'Object Repository/div contains' is checked

22-06-2024T09:34:13 - [TEST_STEP][PASSED] - click(findTestObject("btn contains", ["attr":"@class", "val":"btn-primary"])): Object: 'Object Repository/btn contains' is clicked on

22-06-2024T09:34:14 - [MESSAGE][PASSED] - Object: 'Object Repository/btn contains' is clicked on]]></system-out>
         <system-err><![CDATA[]]></system-err>
      </testcase>
      <testcase name="Test Cases/Registration-ESIM" time="19.379" classname="Test Cases/Registration-ESIM" status="PASSED">
         <system-out><![CDATA[22-06-2024T09:34:14 - [TEST_CASE][PASSED] - Test Cases/Registration-ESIM: Test Cases/Registration-ESIM

22-06-2024T09:34:14 - [TEST_STEP][PASSED] - openBrowser(URL_Prioritas): Browser is opened with url: 'https://prioritas.xl.co.id/'

22-06-2024T09:34:14 - [MESSAGE][WARNING] - A browser is already opened. Closing browser and opening a new one

22-06-2024T09:34:14 - [MESSAGE][INFO] - Starting 'Chrome' driver

22-06-2024T09:34:14 - [MESSAGE][INFO] - Action delay is set to 0 milliseconds

22-06-2024T09:34:18 - [MESSAGE][PASSED] - Browser is opened with url: 'https://prioritas.xl.co.id/'

22-06-2024T09:34:18 - [TEST_STEP][PASSED] - maximizeWindow(): Current window maximized

22-06-2024T09:34:18 - [MESSAGE][PASSED] - Current window maximized

22-06-2024T09:34:18 - [TEST_STEP][PASSED] - OtherKeyword.selectObjectBasedOnIndex(findTestObject("btn contains", ["attr":"@class", "val":"btn-secondary"]), "1"): OtherKeyword.selectObjectBasedOnIndex is PASSED

22-06-2024T09:34:19 - [MESSAGE][PASSED] - Found web elements by test object Object Repository/btn contains

22-06-2024T09:34:20 - [MESSAGE][PASSED] - OtherKeyword.selectObjectBasedOnIndex is PASSED

22-06-2024T09:34:20 - [TEST_STEP][PASSED] - Keywords.OtherKeyword.selectObjectBasedOnIndex(findTestObject("btn contains", ["attr":"@class", "val":"radio_picker"]), "1"): Keywords.OtherKeyword.selectObjectBasedOnIndex is PASSED

22-06-2024T09:34:22 - [MESSAGE][PASSED] - Found web elements by test object Object Repository/btn contains

22-06-2024T09:34:22 - [MESSAGE][PASSED] - Keywords.OtherKeyword.selectObjectBasedOnIndex is PASSED

22-06-2024T09:34:22 - [TEST_STEP][PASSED] - SupportMethod.selectRandomlyListobject(findTestObject("btn contains", ["attr":"@class", "val":"price"])): SupportMethod.selectRandomlyListobject is PASSED

22-06-2024T09:34:23 - [MESSAGE][PASSED] - Found web elements by test object Object Repository/btn contains

22-06-2024T09:34:23 - [MESSAGE][PASSED] - SupportMethod.selectRandomlyListobject is PASSED

22-06-2024T09:34:23 - [TEST_STEP][PASSED] - click(findTestObject("btn contains", ["attr":"@class", "val":"btn-primary"])): Object: 'Object Repository/btn contains' is clicked on

22-06-2024T09:34:23 - [MESSAGE][PASSED] - Object: 'Object Repository/btn contains' is clicked on

22-06-2024T09:34:23 - [TEST_STEP][PASSED] - SupportMethod.selectRandomlyListobject(findTestObject("btn contains", ["attr":"@class", "val":"w-100"])): SupportMethod.selectRandomlyListobject is PASSED

22-06-2024T09:34:25 - [MESSAGE][PASSED] - Found web elements by test object Object Repository/btn contains

22-06-2024T09:34:25 - [MESSAGE][PASSED] - SupportMethod.selectRandomlyListobject is PASSED

22-06-2024T09:34:25 - [TEST_STEP][PASSED] - SupportMethod.selectRandomlyListobject(findTestObject("btn contains", ["attr":"@class", "val":"select-square"])): SupportMethod.selectRandomlyListobject is PASSED

22-06-2024T09:34:26 - [MESSAGE][PASSED] - Found web elements by test object Object Repository/btn contains

22-06-2024T09:34:26 - [MESSAGE][PASSED] - SupportMethod.selectRandomlyListobject is PASSED

22-06-2024T09:34:26 - [TEST_STEP][PASSED] - setText(findTestObject("input", ["attr":"@name", "val":"nama_lengkap"]), custName): Text 'Sanityesim Tiga' is set on object 'Object Repository/input'

22-06-2024T09:34:27 - [MESSAGE][PASSED] - Text 'Sanityesim Tiga' is set on object 'Object Repository/input'

22-06-2024T09:34:27 - [TEST_STEP][PASSED] - setText(findTestObject("input", ["attr":"@name", "val":"nomor_hp"]), contactNumber): Text '08789087900' is set on object 'Object Repository/input'

22-06-2024T09:34:28 - [MESSAGE][PASSED] - Text '08789087900' is set on object 'Object Repository/input'

22-06-2024T09:34:28 - [TEST_STEP][PASSED] - setText(findTestObject("input", ["attr":"@name", "val":"email"]), email): Text 'testeresim3@gmail.com' is set on object 'Object Repository/input'

22-06-2024T09:34:29 - [MESSAGE][PASSED] - Text 'testeresim3@gmail.com' is set on object 'Object Repository/input'

22-06-2024T09:34:29 - [TEST_STEP][PASSED] - setText(findTestObject("input", ["attr":"@name", "val":"re_email"]), email): Text 'testeresim3@gmail.com' is set on object 'Object Repository/input'

22-06-2024T09:34:30 - [MESSAGE][PASSED] - Text 'testeresim3@gmail.com' is set on object 'Object Repository/input'

22-06-2024T09:34:30 - [TEST_STEP][PASSED] - click(findTestObject("btn contains", ["attr":"@class", "val":"btn-primary"])): Object: 'Object Repository/btn contains' is clicked on

22-06-2024T09:34:30 - [MESSAGE][PASSED] - Object: 'Object Repository/btn contains' is clicked on

22-06-2024T09:34:30 - [TEST_STEP][PASSED] - Keywords.OtherKeyword.selectObjectBasedOnIndex(findTestObject("div contains", ["attr":"@class", "val":"cursor-pointer"]), "1"): Keywords.OtherKeyword.selectObjectBasedOnIndex is PASSED

22-06-2024T09:34:31 - [MESSAGE][PASSED] - Found web elements by test object Object Repository/div contains

22-06-2024T09:34:31 - [MESSAGE][PASSED] - Keywords.OtherKeyword.selectObjectBasedOnIndex is PASSED

22-06-2024T09:34:31 - [TEST_STEP][PASSED] - Keywords.OtherKeyword.selectObjectBasedOnIndex(findTestObject("div contains", ["attr":"@class", "val":"d-flex justify-content-between"]), "2"): Keywords.OtherKeyword.selectObjectBasedOnIndex is PASSED

22-06-2024T09:34:32 - [MESSAGE][PASSED] - Found web elements by test object Object Repository/div contains

22-06-2024T09:34:32 - [MESSAGE][PASSED] - Keywords.OtherKeyword.selectObjectBasedOnIndex is PASSED

22-06-2024T09:34:32 - [TEST_STEP][PASSED] - check(findTestObject("div contains", ["attr":"@class", "val":"checkbox"])): Object 'Object Repository/div contains' is checked

22-06-2024T09:34:32 - [MESSAGE][PASSED] - Object 'Object Repository/div contains' is checked

22-06-2024T09:34:32 - [TEST_STEP][PASSED] - click(findTestObject("btn contains", ["attr":"@class", "val":"btn-primary"])): Object: 'Object Repository/btn contains' is clicked on

22-06-2024T09:34:33 - [MESSAGE][PASSED] - Object: 'Object Repository/btn contains' is clicked on]]></system-out>
         <system-err><![CDATA[]]></system-err>
      </testcase>
      <system-out><![CDATA[22-06-2024T09:33:31 - [TEST_SUITE][PASSED] - RegistrationPrio ESIM: Test Cases/Registration-ESIM]]></system-out>
      <system-err><![CDATA[]]></system-err>
   </testsuite>
</testsuites>
