<?xml version="1.0" encoding="UTF-8"?>
<testsuites name="Demo1" time="6.772" tests="1" failures="0" errors="0">
   <testsuite name="Demo1" tests="1" failures="0" errors="0" time="6.772" skipped="0" timestamp="2024-06-05 23:15:00" hostname="LENOVO - DESKTOP-PAESQ7A" id="Test Suites/Demo1">
      <properties>
         <property name="deviceName" value=""/>
         <property name="devicePlatform" value=""/>
         <property name="logFolder" value="E:\\- FILE ELVIA\\Katalon\\PROJECT\\katalon-platform1\\Reports\\20240605_231456\\Demo1\\20240605_231456"/>
         <property name="logFiles" value="E:\\- FILE ELVIA\\Katalon\\PROJECT\\katalon-platform1\\Reports\\20240605_231456\\Demo1\\20240605_231456\\execution0.log"/>
         <property name="attachments" value=""/>
         <property name="hostName" value="LENOVO - DESKTOP-PAESQ7A"/>
         <property name="os" value="Windows 10 64bit"/>
         <property name="katalonVersion" value="8.6.6.208"/>
         <property name="browser" value="Chrome 125.0.0.0"/>
         <property name="hostAddress" value="192.168.0.110"/>
         <property name="sessionId" value="39ad35ee46752737cf284966e7560cc5"/>
         <property name="seleniumVersion" value="3.141.59"/>
         <property name="proxyInformation" value="ProxyInformation { proxyOption=NO_PROXY, proxyServerType=HTTP, username=, password=********, proxyServerAddress=, proxyServerPort=0, executionList=&quot;&quot;, isApplyToDesiredCapabilities=true }"/>
         <property name="platform" value="Windows 10"/>
      </properties>
      <testcase name="Test Cases/Login" time="6.362" classname="Test Cases/Login" status="PASSED">
         <system-out><![CDATA[2024-06-05 23:15:00 - [TEST_CASE][PASSED] - Test Cases/Login: Test Cases/Login

2024-06-05 23:15:01 - [TEST_STEP][PASSED] - openBrowser(URL_GENPRIO): Browser is opened with url: 'https://genprio.xl.co.id/login'

2024-06-05 23:15:02 - [MESSAGE][INFO] - Starting 'Chrome' driver

2024-06-05 23:15:02 - [MESSAGE][INFO] - Action delay is set to 0 milliseconds

2024-06-05 23:15:06 - [MESSAGE][PASSED] - Browser is opened with url: 'https://genprio.xl.co.id/login'

2024-06-05 23:15:06 - [TEST_STEP][PASSED] - setText(findTestObject("textfieldUsername"), "testing1"): Text 'testing1' is set on object 'Object Repository/textfieldUsername'

2024-06-05 23:15:07 - [MESSAGE][PASSED] - Text 'testing1' is set on object 'Object Repository/textfieldUsername']]></system-out>
         <system-err><![CDATA[]]></system-err>
      </testcase>
      <system-out><![CDATA[2024-06-05 23:15:00 - [TEST_SUITE][PASSED] - Demo1: Test Cases/Login]]></system-out>
      <system-err><![CDATA[]]></system-err>
   </testsuite>
</testsuites>
