<?xml version="1.0" encoding="UTF-8"?>
<testsuites name="TSC_API" time="53.918" tests="6" failures="0" errors="0">
   <testsuite name="TS_API Get" tests="1" failures="0" errors="0" time="5.391" skipped="0" timestamp="22-06-2024T15:39:53" hostname="LENOVO - DESKTOP-PAESQ7A" id="Test Suites/TS_API Get">
      <properties>
         <property name="deviceName" value=""/>
         <property name="devicePlatform"/>
         <property name="logFolder" value="E:\\- FILE ELVIA\\Katalon\\PROJECT\\katalon-platform1\\Reports\\20240622_153924\\TS_API Get\\20240622_153933"/>
         <property name="logFiles" value="E:\\- FILE ELVIA\\Katalon\\PROJECT\\katalon-platform1\\Reports\\20240622_153924\\TS_API Get\\20240622_153933\\execution0.log"/>
         <property name="attachments" value=""/>
         <property name="hostName" value="LENOVO - DESKTOP-PAESQ7A"/>
         <property name="hostAddress" value="192.168.0.108"/>
         <property name="os" value="Windows 10 64bit"/>
         <property name="katalonVersion" value="9.5.0.217"/>
      </properties>
      <testcase name="Test Cases/TC_API Get" time="5.047" classname="Test Cases/TC_API Get" status="PASSED">
         <system-out><![CDATA[22-06-2024T15:39:53 - [TEST_CASE][PASSED] - Test Cases/TC_API Get: Test Cases/TC_API Get

22-06-2024T15:39:54 - [TEST_STEP][PASSED] - sendRequestAndVerify(findTestObject("API/RestfullGet")): Send request and verify the response successfully

22-06-2024T15:39:57 - [MESSAGE][INFO] - HAR: E:\- FILE ELVIA\Katalon\PROJECT\katalon-platform1\Reports\20240622_153924\TS_API Get\20240622_153933\requests\main\0.har

22-06-2024T15:39:58 - [TEST_CASE][PASSED] - Start Test Case : Verification: Verification accomplished successfully

22-06-2024T15:39:58 - [TEST_STEP][PASSED] - request = getInstance().getCurrentRequest(): null

22-06-2024T15:39:58 - [TEST_STEP][PASSED] - response = getInstance().getCurrentResponse(): null

22-06-2024T15:39:58 - [TEST_STEP][PASSED] - verifyResponseStatusCode(response, 200): Verify response status code successfully

22-06-2024T15:39:58 - [MESSAGE][PASSED] - Verify response status code successfully

22-06-2024T15:39:58 - [TEST_STEP][PASSED] - getStatusCode()).isEqualTo(200): null

22-06-2024T15:39:58 - [MESSAGE][PASSED] - Verify response successfully

22-06-2024T15:39:58 - [MESSAGE][PASSED] - All validation steps have been passed

22-06-2024T15:39:58 - [MESSAGE][PASSED] - Send request and verify the response successfully]]></system-out>
         <system-err><![CDATA[]]></system-err>
      </testcase>
      <system-out><![CDATA[22-06-2024T15:39:53 - [TEST_SUITE][PASSED] - TS_API Get: Test Cases/TC_API Get]]></system-out>
      <system-err><![CDATA[]]></system-err>
   </testsuite>
   <testsuite name="TS_API Post" tests="5" failures="0" errors="0" time="10.571" skipped="0" timestamp="22-06-2024T15:40:15" hostname="LENOVO - DESKTOP-PAESQ7A" id="Test Suites/TS_API Post">
      <properties>
         <property name="deviceName" value=""/>
         <property name="devicePlatform"/>
         <property name="logFolder" value="E:\\- FILE ELVIA\\Katalon\\PROJECT\\katalon-platform1\\Reports\\20240622_153924\\TS_API Post\\20240622_153938"/>
         <property name="logFiles" value="E:\\- FILE ELVIA\\Katalon\\PROJECT\\katalon-platform1\\Reports\\20240622_153924\\TS_API Post\\20240622_153938\\execution0.log"/>
         <property name="attachments" value=""/>
         <property name="hostName" value="LENOVO - DESKTOP-PAESQ7A"/>
         <property name="hostAddress" value="192.168.0.108"/>
         <property name="os" value="Windows 10 64bit"/>
         <property name="katalonVersion" value="9.5.0.217"/>
      </properties>
      <testcase name="Test Cases/TC_API Post" time="6.03" classname="Test Cases/TC_API Post" status="PASSED">
         <system-out><![CDATA[22-06-2024T15:40:15 - [TEST_CASE][PASSED] - Test Cases/TC_API Post: Test Cases/TC_API Post

22-06-2024T15:40:16 - [TEST_STEP][PASSED] - sendRequestAndVerify(findTestObject("API/RestfullPost", ["newName":nama])): Send request and verify the response successfully

22-06-2024T15:40:20 - [MESSAGE][INFO] - HAR: E:\- FILE ELVIA\Katalon\PROJECT\katalon-platform1\Reports\20240622_153924\TS_API Post\20240622_153938\requests\main\0.har

22-06-2024T15:40:20 - [TEST_CASE][PASSED] - Start Test Case : Verification: Verification accomplished successfully

22-06-2024T15:40:21 - [TEST_STEP][PASSED] - request = getInstance().getCurrentRequest(): null

22-06-2024T15:40:21 - [TEST_STEP][PASSED] - response = getInstance().getCurrentResponse(): null

22-06-2024T15:40:21 - [TEST_STEP][PASSED] - getStatusCode()).isIn(Arrays.asList(200, 201, 202)): null

22-06-2024T15:40:21 - [MESSAGE][PASSED] - Verify response successfully

22-06-2024T15:40:21 - [MESSAGE][PASSED] - All validation steps have been passed

22-06-2024T15:40:21 - [MESSAGE][PASSED] - Send request and verify the response successfully]]></system-out>
         <system-err><![CDATA[]]></system-err>
      </testcase>
      <testcase name="Test Cases/TC_API Post" time="0.914" classname="Test Cases/TC_API Post" status="PASSED">
         <system-out><![CDATA[22-06-2024T15:40:22 - [TEST_CASE][PASSED] - Test Cases/TC_API Post: Test Cases/TC_API Post

22-06-2024T15:40:22 - [TEST_STEP][PASSED] - sendRequestAndVerify(findTestObject("API/RestfullPost", ["newName":nama])): Send request and verify the response successfully

22-06-2024T15:40:22 - [MESSAGE][INFO] - HAR: E:\- FILE ELVIA\Katalon\PROJECT\katalon-platform1\Reports\20240622_153924\TS_API Post\20240622_153938\requests\main\1.har

22-06-2024T15:40:22 - [TEST_CASE][PASSED] - Start Test Case : Verification: Verification accomplished successfully

22-06-2024T15:40:22 - [TEST_STEP][PASSED] - request = getInstance().getCurrentRequest(): null

22-06-2024T15:40:22 - [TEST_STEP][PASSED] - response = getInstance().getCurrentResponse(): null

22-06-2024T15:40:22 - [TEST_STEP][PASSED] - getStatusCode()).isIn(Arrays.asList(200, 201, 202)): null

22-06-2024T15:40:22 - [MESSAGE][PASSED] - Verify response successfully

22-06-2024T15:40:23 - [MESSAGE][PASSED] - All validation steps have been passed

22-06-2024T15:40:23 - [MESSAGE][PASSED] - Send request and verify the response successfully]]></system-out>
         <system-err><![CDATA[]]></system-err>
      </testcase>
      <testcase name="Test Cases/TC_API Post" time="0.852" classname="Test Cases/TC_API Post" status="PASSED">
         <system-out><![CDATA[22-06-2024T15:40:23 - [TEST_CASE][PASSED] - Test Cases/TC_API Post: Test Cases/TC_API Post

22-06-2024T15:40:23 - [TEST_STEP][PASSED] - sendRequestAndVerify(findTestObject("API/RestfullPost", ["newName":nama])): Send request and verify the response successfully

22-06-2024T15:40:23 - [MESSAGE][INFO] - HAR: E:\- FILE ELVIA\Katalon\PROJECT\katalon-platform1\Reports\20240622_153924\TS_API Post\20240622_153938\requests\main\2.har

22-06-2024T15:40:23 - [TEST_CASE][PASSED] - Start Test Case : Verification: Verification accomplished successfully

22-06-2024T15:40:23 - [TEST_STEP][PASSED] - request = getInstance().getCurrentRequest(): null

22-06-2024T15:40:23 - [TEST_STEP][PASSED] - response = getInstance().getCurrentResponse(): null

22-06-2024T15:40:23 - [TEST_STEP][PASSED] - getStatusCode()).isIn(Arrays.asList(200, 201, 202)): null

22-06-2024T15:40:23 - [MESSAGE][PASSED] - Verify response successfully

22-06-2024T15:40:23 - [MESSAGE][PASSED] - All validation steps have been passed

22-06-2024T15:40:23 - [MESSAGE][PASSED] - Send request and verify the response successfully]]></system-out>
         <system-err><![CDATA[]]></system-err>
      </testcase>
      <testcase name="Test Cases/TC_API Post" time="0.851" classname="Test Cases/TC_API Post" status="PASSED">
         <system-out><![CDATA[22-06-2024T15:40:23 - [TEST_CASE][PASSED] - Test Cases/TC_API Post: Test Cases/TC_API Post

22-06-2024T15:40:23 - [TEST_STEP][PASSED] - sendRequestAndVerify(findTestObject("API/RestfullPost", ["newName":nama])): Send request and verify the response successfully

22-06-2024T15:40:24 - [MESSAGE][INFO] - HAR: E:\- FILE ELVIA\Katalon\PROJECT\katalon-platform1\Reports\20240622_153924\TS_API Post\20240622_153938\requests\main\3.har

22-06-2024T15:40:24 - [TEST_CASE][PASSED] - Start Test Case : Verification: Verification accomplished successfully

22-06-2024T15:40:24 - [TEST_STEP][PASSED] - request = getInstance().getCurrentRequest(): null

22-06-2024T15:40:24 - [TEST_STEP][PASSED] - response = getInstance().getCurrentResponse(): null

22-06-2024T15:40:24 - [TEST_STEP][PASSED] - getStatusCode()).isIn(Arrays.asList(200, 201, 202)): null

22-06-2024T15:40:24 - [MESSAGE][PASSED] - Verify response successfully

22-06-2024T15:40:24 - [MESSAGE][PASSED] - All validation steps have been passed

22-06-2024T15:40:24 - [MESSAGE][PASSED] - Send request and verify the response successfully]]></system-out>
         <system-err><![CDATA[]]></system-err>
      </testcase>
      <testcase name="Test Cases/TC_API Post" time="0.83" classname="Test Cases/TC_API Post" status="PASSED">
         <system-out><![CDATA[22-06-2024T15:40:24 - [TEST_CASE][PASSED] - Test Cases/TC_API Post: Test Cases/TC_API Post

22-06-2024T15:40:24 - [TEST_STEP][PASSED] - sendRequestAndVerify(findTestObject("API/RestfullPost", ["newName":nama])): Send request and verify the response successfully

22-06-2024T15:40:25 - [MESSAGE][INFO] - HAR: E:\- FILE ELVIA\Katalon\PROJECT\katalon-platform1\Reports\20240622_153924\TS_API Post\20240622_153938\requests\main\4.har

22-06-2024T15:40:25 - [TEST_CASE][PASSED] - Start Test Case : Verification: Verification accomplished successfully

22-06-2024T15:40:25 - [TEST_STEP][PASSED] - request = getInstance().getCurrentRequest(): null

22-06-2024T15:40:25 - [TEST_STEP][PASSED] - response = getInstance().getCurrentResponse(): null

22-06-2024T15:40:25 - [TEST_STEP][PASSED] - getStatusCode()).isIn(Arrays.asList(200, 201, 202)): null

22-06-2024T15:40:25 - [MESSAGE][PASSED] - Verify response successfully

22-06-2024T15:40:25 - [MESSAGE][PASSED] - All validation steps have been passed

22-06-2024T15:40:25 - [MESSAGE][PASSED] - Send request and verify the response successfully]]></system-out>
         <system-err><![CDATA[]]></system-err>
      </testcase>
      <system-out><![CDATA[22-06-2024T15:40:15 - [TEST_SUITE][PASSED] - TS_API Post: Test Cases/TC_API Post]]></system-out>
      <system-err><![CDATA[]]></system-err>
   </testsuite>
</testsuites>
